2023-12-26T10:35:40.440+05:30  INFO 2952 --- [main] com.api.mom.MomApplication               : Starting MomApplication using Java 18 with PID 2952 (D:\projects\springboot\mom\target\classes started by Komali Laveti in D:\projects\springboot\mom)
2023-12-26T10:35:40.443+05:30  INFO 2952 --- [main] com.api.mom.MomApplication               : No active profile set, falling back to 1 default profile: "default"
2023-12-26T10:35:41.242+05:30  INFO 2952 --- [main] .s.d.r.c.RepositoryConfigurationDelegate : Bootstrapping Spring Data JPA repositories in DEFAULT mode.
2023-12-26T10:35:41.262+05:30  INFO 2952 --- [main] .s.d.r.c.RepositoryConfigurationDelegate : Finished Spring Data repository scanning in 10 ms. Found 0 JPA repository interfaces.
2023-12-26T10:35:41.909+05:30  INFO 2952 --- [main] o.s.b.w.embedded.tomcat.TomcatWebServer  : Tomcat initialized with port 9090 (http)
2023-12-26T10:35:41.932+05:30  INFO 2952 --- [main] o.apache.catalina.core.StandardService   : Starting service [Tomcat]
2023-12-26T10:35:41.934+05:30  INFO 2952 --- [main] o.apache.catalina.core.StandardEngine    : Starting Servlet engine: [Apache Tomcat/10.1.17]
2023-12-26T10:35:42.028+05:30  INFO 2952 --- [main] o.a.c.c.C.[Tomcat].[localhost].[/]       : Initializing Spring embedded WebApplicationContext
2023-12-26T10:35:42.028+05:30  INFO 2952 --- [main] w.s.c.ServletWebServerApplicationContext : Root WebApplicationContext: initialization completed in 1520 ms
2023-12-26T10:35:42.169+05:30  INFO 2952 --- [main] com.zaxxer.hikari.HikariDataSource       : HikariPool-1 - Starting...
2023-12-26T10:35:42.415+05:30  INFO 2952 --- [main] com.zaxxer.hikari.pool.HikariPool        : HikariPool-1 - Added connection org.postgresql.jdbc.PgConnection@6f8e9d06
2023-12-26T10:35:42.418+05:30  INFO 2952 --- [main] com.zaxxer.hikari.HikariDataSource       : HikariPool-1 - Start completed.
2023-12-26T10:35:42.540+05:30  INFO 2952 --- [main] o.hibernate.jpa.internal.util.LogHelper  : HHH000204: Processing PersistenceUnitInfo [name: default]
2023-12-26T10:35:42.622+05:30  INFO 2952 --- [main] org.hibernate.Version                    : HHH000412: Hibernate ORM core version 6.4.1.Final
2023-12-26T10:35:42.681+05:30  INFO 2952 --- [main] o.h.c.internal.RegionFactoryInitiator    : HHH000026: Second-level cache disabled
2023-12-26T10:35:42.974+05:30  INFO 2952 --- [main] o.s.o.j.p.SpringPersistenceUnitInfo      : No LoadTimeWeaver setup: ignoring JPA class transformer
2023-12-26T10:35:43.792+05:30  INFO 2952 --- [main] o.h.e.t.j.p.i.JtaPlatformInitiator       : HHH000489: No JTA platform available (set 'hibernate.transaction.jta.platform' to enable JTA platform integration)
2023-12-26T10:35:43.794+05:30  INFO 2952 --- [main] j.LocalContainerEntityManagerFactoryBean : Initialized JPA EntityManagerFactory for persistence unit 'default'
2023-12-26T10:35:43.835+05:30  WARN 2952 --- [main] JpaBaseConfiguration$JpaWebConfiguration : spring.jpa.open-in-view is enabled by default. Therefore, database queries may be performed during view rendering. Explicitly configure spring.jpa.open-in-view to disable this warning
2023-12-26T10:35:44.210+05:30  WARN 2952 --- [main] .s.s.UserDetailsServiceAutoConfiguration : 

Using generated security password: 2c7e6dac-0bf5-4f43-ab97-faac709271f7

This generated password is for development use only. Your security configuration must be updated before running your application in production.

2023-12-26T10:35:44.324+05:30  INFO 2952 --- [main] o.s.s.web.DefaultSecurityFilterChain     : Will secure any request with [org.springframework.security.web.session.DisableEncodeUrlFilter@149238fe, org.springframework.security.web.context.request.async.WebAsyncManagerIntegrationFilter@a0bdbe2, org.springframework.security.web.context.SecurityContextHolderFilter@7fb9a83c, org.springframework.security.web.header.HeaderWriterFilter@2ba0b95f, org.springframework.web.filter.CorsFilter@261099e1, org.springframework.security.web.csrf.CsrfFilter@6b756a62, org.springframework.security.web.authentication.logout.LogoutFilter@ca2a03f, org.springframework.security.web.authentication.UsernamePasswordAuthenticationFilter@7c680fe1, org.springframework.security.web.authentication.ui.DefaultLoginPageGeneratingFilter@c7443f, org.springframework.security.web.authentication.ui.DefaultLogoutPageGeneratingFilter@ed1d2cf, org.springframework.security.web.authentication.www.BasicAuthenticationFilter@1b30b6f8, org.springframework.security.web.savedrequest.RequestCacheAwareFilter@5216532a, org.springframework.security.web.servletapi.SecurityContextHolderAwareRequestFilter@862624f, org.springframework.security.web.authentication.AnonymousAuthenticationFilter@b814e23, org.springframework.security.web.access.ExceptionTranslationFilter@2a9ea03f, org.springframework.security.web.access.intercept.AuthorizationFilter@6a8bcb64]
2023-12-26T10:35:44.386+05:30  INFO 2952 --- [main] o.s.b.w.embedded.tomcat.TomcatWebServer  : Tomcat started on port 9090 (http) with context path ''
2023-12-26T10:35:44.399+05:30  INFO 2952 --- [main] com.api.mom.MomApplication               : Started MomApplication in 4.505 seconds (process running for 4.987)
2023-12-26T10:36:22.408+05:30  INFO 2952 --- [SpringApplicationShutdownHook] j.LocalContainerEntityManagerFactoryBean : Closing JPA EntityManagerFactory for persistence unit 'default'
2023-12-26T10:36:22.413+05:30  INFO 2952 --- [SpringApplicationShutdownHook] com.zaxxer.hikari.HikariDataSource       : HikariPool-1 - Shutdown initiated...
2023-12-26T10:36:22.419+05:30  INFO 2952 --- [SpringApplicationShutdownHook] com.zaxxer.hikari.HikariDataSource       : HikariPool-1 - Shutdown completed.
2023-12-26T10:36:25.825+05:30  INFO 18848 --- [main] com.api.mom.MomApplication               : Starting MomApplication using Java 18 with PID 18848 (D:\projects\springboot\mom\target\classes started by Komali Laveti in D:\projects\springboot\mom)
2023-12-26T10:36:25.828+05:30  INFO 18848 --- [main] com.api.mom.MomApplication               : No active profile set, falling back to 1 default profile: "default"
2023-12-26T10:36:26.514+05:30  INFO 18848 --- [main] .s.d.r.c.RepositoryConfigurationDelegate : Bootstrapping Spring Data JPA repositories in DEFAULT mode.
2023-12-26T10:36:26.533+05:30  INFO 18848 --- [main] .s.d.r.c.RepositoryConfigurationDelegate : Finished Spring Data repository scanning in 9 ms. Found 0 JPA repository interfaces.
2023-12-26T10:36:27.125+05:30  INFO 18848 --- [main] o.s.b.w.embedded.tomcat.TomcatWebServer  : Tomcat initialized with port 9090 (http)
2023-12-26T10:36:27.144+05:30  INFO 18848 --- [main] o.apache.catalina.core.StandardService   : Starting service [Tomcat]
2023-12-26T10:36:27.144+05:30  INFO 18848 --- [main] o.apache.catalina.core.StandardEngine    : Starting Servlet engine: [Apache Tomcat/10.1.17]
2023-12-26T10:36:27.201+05:30  INFO 18848 --- [main] o.a.c.c.C.[Tomcat].[localhost].[/]       : Initializing Spring embedded WebApplicationContext
2023-12-26T10:36:27.201+05:30  INFO 18848 --- [main] w.s.c.ServletWebServerApplicationContext : Root WebApplicationContext: initialization completed in 1307 ms
2023-12-26T10:36:27.304+05:30  INFO 18848 --- [main] com.zaxxer.hikari.HikariDataSource       : HikariPool-1 - Starting...
2023-12-26T10:36:27.533+05:30  INFO 18848 --- [main] com.zaxxer.hikari.pool.HikariPool        : HikariPool-1 - Added connection org.postgresql.jdbc.PgConnection@707ca986
2023-12-26T10:36:27.535+05:30  INFO 18848 --- [main] com.zaxxer.hikari.HikariDataSource       : HikariPool-1 - Start completed.
2023-12-26T10:36:27.622+05:30  INFO 18848 --- [main] o.hibernate.jpa.internal.util.LogHelper  : HHH000204: Processing PersistenceUnitInfo [name: default]
2023-12-26T10:36:27.670+05:30  INFO 18848 --- [main] org.hibernate.Version                    : HHH000412: Hibernate ORM core version 6.4.1.Final
2023-12-26T10:36:27.705+05:30  INFO 18848 --- [main] o.h.c.internal.RegionFactoryInitiator    : HHH000026: Second-level cache disabled
2023-12-26T10:36:27.974+05:30  INFO 18848 --- [main] o.s.o.j.p.SpringPersistenceUnitInfo      : No LoadTimeWeaver setup: ignoring JPA class transformer
2023-12-26T10:36:28.768+05:30  INFO 18848 --- [main] o.h.e.t.j.p.i.JtaPlatformInitiator       : HHH000489: No JTA platform available (set 'hibernate.transaction.jta.platform' to enable JTA platform integration)
2023-12-26T10:36:28.771+05:30  INFO 18848 --- [main] j.LocalContainerEntityManagerFactoryBean : Initialized JPA EntityManagerFactory for persistence unit 'default'
2023-12-26T10:36:28.808+05:30  WARN 18848 --- [main] JpaBaseConfiguration$JpaWebConfiguration : spring.jpa.open-in-view is enabled by default. Therefore, database queries may be performed during view rendering. Explicitly configure spring.jpa.open-in-view to disable this warning
2023-12-26T10:36:29.166+05:30  WARN 18848 --- [main] .s.s.UserDetailsServiceAutoConfiguration : 

Using generated security password: b8f09f69-c9e1-444d-a20a-e636117c33cb

This generated password is for development use only. Your security configuration must be updated before running your application in production.

2023-12-26T10:36:29.270+05:30  INFO 18848 --- [main] o.s.s.web.DefaultSecurityFilterChain     : Will secure any request with [org.springframework.security.web.session.DisableEncodeUrlFilter@5f81507a, org.springframework.security.web.context.request.async.WebAsyncManagerIntegrationFilter@7d7c05fa, org.springframework.security.web.context.SecurityContextHolderFilter@78e7b83, org.springframework.security.web.header.HeaderWriterFilter@5216532a, org.springframework.web.filter.CorsFilter@7dbbf730, org.springframework.security.web.csrf.CsrfFilter@6ad0cd43, org.springframework.security.web.authentication.logout.LogoutFilter@1b53e6fc, org.springframework.security.web.authentication.UsernamePasswordAuthenticationFilter@3055f310, org.springframework.security.web.authentication.ui.DefaultLoginPageGeneratingFilter@71135794, org.springframework.security.web.authentication.ui.DefaultLogoutPageGeneratingFilter@7c4a5ef2, org.springframework.security.web.authentication.www.BasicAuthenticationFilter@261099e1, org.springframework.security.web.savedrequest.RequestCacheAwareFilter@7c8a91e2, org.springframework.security.web.servletapi.SecurityContextHolderAwareRequestFilter@c7443f, org.springframework.security.web.authentication.AnonymousAuthenticationFilter@299dd381, org.springframework.security.web.access.ExceptionTranslationFilter@7fb9a83c, org.springframework.security.web.access.intercept.AuthorizationFilter@4419cd6e]
2023-12-26T10:36:29.338+05:30  INFO 18848 --- [main] o.s.b.w.embedded.tomcat.TomcatWebServer  : Tomcat started on port 9090 (http) with context path ''
2023-12-26T10:36:29.350+05:30  INFO 18848 --- [main] com.api.mom.MomApplication               : Started MomApplication in 4.12 seconds (process running for 4.597)
2023-12-26T10:37:59.256+05:30  INFO 18848 --- [SpringApplicationShutdownHook] j.LocalContainerEntityManagerFactoryBean : Closing JPA EntityManagerFactory for persistence unit 'default'
2023-12-26T10:37:59.259+05:30  INFO 18848 --- [SpringApplicationShutdownHook] com.zaxxer.hikari.HikariDataSource       : HikariPool-1 - Shutdown initiated...
2023-12-26T10:37:59.267+05:30  INFO 18848 --- [SpringApplicationShutdownHook] com.zaxxer.hikari.HikariDataSource       : HikariPool-1 - Shutdown completed.
2023-12-26T10:38:02.896+05:30  INFO 26080 --- [main] com.api.mom.MomApplication               : Starting MomApplication using Java 18 with PID 26080 (D:\projects\springboot\mom\target\classes started by Komali Laveti in D:\projects\springboot\mom)
2023-12-26T10:38:02.903+05:30  INFO 26080 --- [main] com.api.mom.MomApplication               : No active profile set, falling back to 1 default profile: "default"
2023-12-26T10:38:03.574+05:30  INFO 26080 --- [main] .s.d.r.c.RepositoryConfigurationDelegate : Bootstrapping Spring Data JPA repositories in DEFAULT mode.
2023-12-26T10:38:03.629+05:30  INFO 26080 --- [main] .s.d.r.c.RepositoryConfigurationDelegate : Finished Spring Data repository scanning in 45 ms. Found 1 JPA repository interface.
2023-12-26T10:38:04.223+05:30  INFO 26080 --- [main] o.s.b.w.embedded.tomcat.TomcatWebServer  : Tomcat initialized with port 9090 (http)
2023-12-26T10:38:04.236+05:30  INFO 26080 --- [main] o.apache.catalina.core.StandardService   : Starting service [Tomcat]
2023-12-26T10:38:04.236+05:30  INFO 26080 --- [main] o.apache.catalina.core.StandardEngine    : Starting Servlet engine: [Apache Tomcat/10.1.17]
2023-12-26T10:38:04.301+05:30  INFO 26080 --- [main] o.a.c.c.C.[Tomcat].[localhost].[/]       : Initializing Spring embedded WebApplicationContext
2023-12-26T10:38:04.302+05:30  INFO 26080 --- [main] w.s.c.ServletWebServerApplicationContext : Root WebApplicationContext: initialization completed in 1338 ms
2023-12-26T10:38:04.400+05:30  INFO 26080 --- [main] com.zaxxer.hikari.HikariDataSource       : HikariPool-1 - Starting...
2023-12-26T10:38:04.611+05:30  INFO 26080 --- [main] com.zaxxer.hikari.pool.HikariPool        : HikariPool-1 - Added connection org.postgresql.jdbc.PgConnection@3aed69dd
2023-12-26T10:38:04.613+05:30  INFO 26080 --- [main] com.zaxxer.hikari.HikariDataSource       : HikariPool-1 - Start completed.
2023-12-26T10:38:04.704+05:30  INFO 26080 --- [main] o.hibernate.jpa.internal.util.LogHelper  : HHH000204: Processing PersistenceUnitInfo [name: default]
2023-12-26T10:38:04.751+05:30  INFO 26080 --- [main] org.hibernate.Version                    : HHH000412: Hibernate ORM core version 6.4.1.Final
2023-12-26T10:38:04.782+05:30  INFO 26080 --- [main] o.h.c.internal.RegionFactoryInitiator    : HHH000026: Second-level cache disabled
2023-12-26T10:38:05.060+05:30  INFO 26080 --- [main] o.s.o.j.p.SpringPersistenceUnitInfo      : No LoadTimeWeaver setup: ignoring JPA class transformer
2023-12-26T10:38:05.791+05:30  INFO 26080 --- [main] o.h.e.t.j.p.i.JtaPlatformInitiator       : HHH000489: No JTA platform available (set 'hibernate.transaction.jta.platform' to enable JTA platform integration)
2023-12-26T10:38:05.794+05:30  INFO 26080 --- [main] j.LocalContainerEntityManagerFactoryBean : Initialized JPA EntityManagerFactory for persistence unit 'default'
2023-12-26T10:38:05.832+05:30  WARN 26080 --- [main] JpaBaseConfiguration$JpaWebConfiguration : spring.jpa.open-in-view is enabled by default. Therefore, database queries may be performed during view rendering. Explicitly configure spring.jpa.open-in-view to disable this warning
2023-12-26T10:38:06.357+05:30  WARN 26080 --- [main] .s.s.UserDetailsServiceAutoConfiguration : 

Using generated security password: a64179b2-ffcf-48f4-ba4c-770bf7ccfa5d

This generated password is for development use only. Your security configuration must be updated before running your application in production.

2023-12-26T10:38:06.455+05:30  INFO 26080 --- [main] o.s.s.web.DefaultSecurityFilterChain     : Will secure any request with [org.springframework.security.web.session.DisableEncodeUrlFilter@7c3ae369, org.springframework.security.web.context.request.async.WebAsyncManagerIntegrationFilter@496c6d94, org.springframework.security.web.context.SecurityContextHolderFilter@501b296a, org.springframework.security.web.header.HeaderWriterFilter@37dc7661, org.springframework.web.filter.CorsFilter@360d3f47, org.springframework.security.web.csrf.CsrfFilter@4281a26f, org.springframework.security.web.authentication.logout.LogoutFilter@3220833f, org.springframework.security.web.authentication.UsernamePasswordAuthenticationFilter@4a977146, org.springframework.security.web.authentication.ui.DefaultLoginPageGeneratingFilter@458704ee, org.springframework.security.web.authentication.ui.DefaultLogoutPageGeneratingFilter@1693d505, org.springframework.security.web.authentication.www.BasicAuthenticationFilter@28f3a218, org.springframework.security.web.savedrequest.RequestCacheAwareFilter@2053b761, org.springframework.security.web.servletapi.SecurityContextHolderAwareRequestFilter@34588991, org.springframework.security.web.authentication.AnonymousAuthenticationFilter@3d195d15, org.springframework.security.web.access.ExceptionTranslationFilter@1d51b6a8, org.springframework.security.web.access.intercept.AuthorizationFilter@391b03b]
2023-12-26T10:38:06.522+05:30  INFO 26080 --- [main] o.s.b.w.embedded.tomcat.TomcatWebServer  : Tomcat started on port 9090 (http) with context path ''
2023-12-26T10:38:06.534+05:30  INFO 26080 --- [main] com.api.mom.MomApplication               : Started MomApplication in 4.213 seconds (process running for 4.68)
2023-12-26T10:38:37.486+05:30  INFO 26080 --- [SpringApplicationShutdownHook] j.LocalContainerEntityManagerFactoryBean : Closing JPA EntityManagerFactory for persistence unit 'default'
2023-12-26T10:38:37.488+05:30  INFO 26080 --- [SpringApplicationShutdownHook] com.zaxxer.hikari.HikariDataSource       : HikariPool-1 - Shutdown initiated...
2023-12-26T10:38:37.492+05:30  INFO 26080 --- [SpringApplicationShutdownHook] com.zaxxer.hikari.HikariDataSource       : HikariPool-1 - Shutdown completed.
2023-12-26T10:38:39.440+05:30  INFO 13300 --- [main] com.api.mom.MomApplication               : Starting MomApplication using Java 18 with PID 13300 (D:\projects\springboot\mom\target\classes started by Komali Laveti in D:\projects\springboot\mom)
2023-12-26T10:38:39.447+05:30  INFO 13300 --- [main] com.api.mom.MomApplication               : No active profile set, falling back to 1 default profile: "default"
2023-12-26T10:38:40.107+05:30  INFO 13300 --- [main] .s.d.r.c.RepositoryConfigurationDelegate : Bootstrapping Spring Data JPA repositories in DEFAULT mode.
2023-12-26T10:38:40.158+05:30  INFO 13300 --- [main] .s.d.r.c.RepositoryConfigurationDelegate : Finished Spring Data repository scanning in 42 ms. Found 1 JPA repository interface.
2023-12-26T10:38:40.709+05:30  INFO 13300 --- [main] o.s.b.w.embedded.tomcat.TomcatWebServer  : Tomcat initialized with port 9090 (http)
2023-12-26T10:38:40.722+05:30  INFO 13300 --- [main] o.apache.catalina.core.StandardService   : Starting service [Tomcat]
2023-12-26T10:38:40.722+05:30  INFO 13300 --- [main] o.apache.catalina.core.StandardEngine    : Starting Servlet engine: [Apache Tomcat/10.1.17]
2023-12-26T10:38:40.785+05:30  INFO 13300 --- [main] o.a.c.c.C.[Tomcat].[localhost].[/]       : Initializing Spring embedded WebApplicationContext
2023-12-26T10:38:40.785+05:30  INFO 13300 --- [main] w.s.c.ServletWebServerApplicationContext : Root WebApplicationContext: initialization completed in 1279 ms
2023-12-26T10:38:40.892+05:30  INFO 13300 --- [main] com.zaxxer.hikari.HikariDataSource       : HikariPool-1 - Starting...
2023-12-26T10:38:41.099+05:30  INFO 13300 --- [main] com.zaxxer.hikari.pool.HikariPool        : HikariPool-1 - Added connection org.postgresql.jdbc.PgConnection@162c1dfb
2023-12-26T10:38:41.101+05:30  INFO 13300 --- [main] com.zaxxer.hikari.HikariDataSource       : HikariPool-1 - Start completed.
2023-12-26T10:38:41.185+05:30  INFO 13300 --- [main] o.hibernate.jpa.internal.util.LogHelper  : HHH000204: Processing PersistenceUnitInfo [name: default]
2023-12-26T10:38:41.232+05:30  INFO 13300 --- [main] org.hibernate.Version                    : HHH000412: Hibernate ORM core version 6.4.1.Final
2023-12-26T10:38:41.266+05:30  INFO 13300 --- [main] o.h.c.internal.RegionFactoryInitiator    : HHH000026: Second-level cache disabled
2023-12-26T10:38:41.546+05:30  INFO 13300 --- [main] o.s.o.j.p.SpringPersistenceUnitInfo      : No LoadTimeWeaver setup: ignoring JPA class transformer
2023-12-26T10:38:42.290+05:30  INFO 13300 --- [main] o.h.e.t.j.p.i.JtaPlatformInitiator       : HHH000489: No JTA platform available (set 'hibernate.transaction.jta.platform' to enable JTA platform integration)
2023-12-26T10:38:42.292+05:30  INFO 13300 --- [main] j.LocalContainerEntityManagerFactoryBean : Initialized JPA EntityManagerFactory for persistence unit 'default'
2023-12-26T10:38:42.333+05:30  WARN 13300 --- [main] JpaBaseConfiguration$JpaWebConfiguration : spring.jpa.open-in-view is enabled by default. Therefore, database queries may be performed during view rendering. Explicitly configure spring.jpa.open-in-view to disable this warning
2023-12-26T10:38:42.849+05:30  WARN 13300 --- [main] .s.s.UserDetailsServiceAutoConfiguration : 

Using generated security password: 7c9796d1-9357-422b-b8cd-2165b8da77ca

This generated password is for development use only. Your security configuration must be updated before running your application in production.

2023-12-26T10:38:42.965+05:30  INFO 13300 --- [main] o.s.s.web.DefaultSecurityFilterChain     : Will secure any request with [org.springframework.security.web.session.DisableEncodeUrlFilter@64c37088, org.springframework.security.web.context.request.async.WebAsyncManagerIntegrationFilter@524c3e54, org.springframework.security.web.context.SecurityContextHolderFilter@72b6fa98, org.springframework.security.web.header.HeaderWriterFilter@3b3a3a92, org.springframework.web.filter.CorsFilter@1d7d968c, org.springframework.security.web.csrf.CsrfFilter@6e069ca9, org.springframework.security.web.authentication.logout.LogoutFilter@4202276, org.springframework.security.web.authentication.UsernamePasswordAuthenticationFilter@64d1f549, org.springframework.security.web.authentication.ui.DefaultLoginPageGeneratingFilter@f245168, org.springframework.security.web.authentication.ui.DefaultLogoutPageGeneratingFilter@10df1f34, org.springframework.security.web.authentication.www.BasicAuthenticationFilter@3220833f, org.springframework.security.web.savedrequest.RequestCacheAwareFilter@6693818c, org.springframework.security.web.servletapi.SecurityContextHolderAwareRequestFilter@4281a26f, org.springframework.security.web.authentication.AnonymousAuthenticationFilter@6fe77a97, org.springframework.security.web.access.ExceptionTranslationFilter@6eae3730, org.springframework.security.web.access.intercept.AuthorizationFilter@1db5de29]
2023-12-26T10:38:43.036+05:30  INFO 13300 --- [main] o.s.b.w.embedded.tomcat.TomcatWebServer  : Tomcat started on port 9090 (http) with context path ''
2023-12-26T10:38:43.046+05:30  INFO 13300 --- [main] com.api.mom.MomApplication               : Started MomApplication in 4.148 seconds (process running for 4.59)
2023-12-26T11:04:32.145+05:30  INFO 13300 --- [SpringApplicationShutdownHook] j.LocalContainerEntityManagerFactoryBean : Closing JPA EntityManagerFactory for persistence unit 'default'
2023-12-26T11:04:32.149+05:30  INFO 13300 --- [SpringApplicationShutdownHook] com.zaxxer.hikari.HikariDataSource       : HikariPool-1 - Shutdown initiated...
2023-12-26T11:04:32.154+05:30  INFO 13300 --- [SpringApplicationShutdownHook] com.zaxxer.hikari.HikariDataSource       : HikariPool-1 - Shutdown completed.
2023-12-26T12:19:36.979+05:30  INFO 772 --- [main] com.api.mom.MomApplication               : Starting MomApplication using Java 18 with PID 772 (D:\projects\springboot\mom\target\classes started by Komali Laveti in D:\projects\springboot\mom)
2023-12-26T12:19:36.981+05:30  INFO 772 --- [main] com.api.mom.MomApplication               : No active profile set, falling back to 1 default profile: "default"
2023-12-26T12:19:37.664+05:30  INFO 772 --- [main] .s.d.r.c.RepositoryConfigurationDelegate : Bootstrapping Spring Data JPA repositories in DEFAULT mode.
2023-12-26T12:19:37.732+05:30  INFO 772 --- [main] .s.d.r.c.RepositoryConfigurationDelegate : Finished Spring Data repository scanning in 61 ms. Found 2 JPA repository interfaces.
2023-12-26T12:19:38.408+05:30  INFO 772 --- [main] o.s.b.w.embedded.tomcat.TomcatWebServer  : Tomcat initialized with port 9090 (http)
2023-12-26T12:19:38.426+05:30  INFO 772 --- [main] o.apache.catalina.core.StandardService   : Starting service [Tomcat]
2023-12-26T12:19:38.427+05:30  INFO 772 --- [main] o.apache.catalina.core.StandardEngine    : Starting Servlet engine: [Apache Tomcat/10.1.17]
2023-12-26T12:19:38.505+05:30  INFO 772 --- [main] o.a.c.c.C.[Tomcat].[localhost].[/]       : Initializing Spring embedded WebApplicationContext
2023-12-26T12:19:38.505+05:30  INFO 772 --- [main] w.s.c.ServletWebServerApplicationContext : Root WebApplicationContext: initialization completed in 1461 ms
2023-12-26T12:19:38.707+05:30  INFO 772 --- [main] o.hibernate.jpa.internal.util.LogHelper  : HHH000204: Processing PersistenceUnitInfo [name: default]
2023-12-26T12:19:38.760+05:30  INFO 772 --- [main] org.hibernate.Version                    : HHH000412: Hibernate ORM core version 6.4.1.Final
2023-12-26T12:19:38.790+05:30  INFO 772 --- [main] o.h.c.internal.RegionFactoryInitiator    : HHH000026: Second-level cache disabled
2023-12-26T12:19:38.884+05:30  INFO 772 --- [main] com.zaxxer.hikari.HikariDataSource       : HikariPool-1 - Starting...
2023-12-26T12:19:39.079+05:30  INFO 772 --- [main] com.zaxxer.hikari.pool.HikariPool        : HikariPool-1 - Added connection org.postgresql.jdbc.PgConnection@34c62fdf
2023-12-26T12:19:39.081+05:30  INFO 772 --- [main] com.zaxxer.hikari.HikariDataSource       : HikariPool-1 - Start completed.
2023-12-26T12:19:39.329+05:30  INFO 772 --- [main] o.s.o.j.p.SpringPersistenceUnitInfo      : No LoadTimeWeaver setup: ignoring JPA class transformer
2023-12-26T12:19:39.500+05:30 ERROR 772 --- [main] j.LocalContainerEntityManagerFactoryBean : Failed to initialize JPA EntityManagerFactory: Association 'com.api.mom.model.User.meetings' targets the type 'com.api.mom.model.Meetings' which is not an '@Entity' type
2023-12-26T12:19:39.501+05:30  WARN 772 --- [main] ConfigServletWebServerApplicationContext : Exception encountered during context initialization - cancelling refresh attempt: org.springframework.beans.factory.BeanCreationException: Error creating bean with name 'entityManagerFactory' defined in class path resource [org/springframework/boot/autoconfigure/orm/jpa/HibernateJpaConfiguration.class]: Association 'com.api.mom.model.User.meetings' targets the type 'com.api.mom.model.Meetings' which is not an '@Entity' type
2023-12-26T12:19:39.501+05:30  INFO 772 --- [main] com.zaxxer.hikari.HikariDataSource       : HikariPool-1 - Shutdown initiated...
2023-12-26T12:19:39.623+05:30  INFO 772 --- [main] com.zaxxer.hikari.HikariDataSource       : HikariPool-1 - Shutdown completed.
2023-12-26T12:19:39.628+05:30  INFO 772 --- [main] o.apache.catalina.core.StandardService   : Stopping service [Tomcat]
2023-12-26T12:19:39.646+05:30  INFO 772 --- [main] .s.b.a.l.ConditionEvaluationReportLogger : 

Error starting ApplicationContext. To display the condition evaluation report re-run your application with 'debug' enabled.
2023-12-26T12:19:39.667+05:30 ERROR 772 --- [main] o.s.boot.SpringApplication               : Application run failed

org.springframework.beans.factory.BeanCreationException: Error creating bean with name 'entityManagerFactory' defined in class path resource [org/springframework/boot/autoconfigure/orm/jpa/HibernateJpaConfiguration.class]: Association 'com.api.mom.model.User.meetings' targets the type 'com.api.mom.model.Meetings' which is not an '@Entity' type
	at org.springframework.beans.factory.support.AbstractAutowireCapableBeanFactory.initializeBean(AbstractAutowireCapableBeanFactory.java:1773) ~[spring-beans-6.1.2.jar:6.1.2]
	at org.springframework.beans.factory.support.AbstractAutowireCapableBeanFactory.doCreateBean(AbstractAutowireCapableBeanFactory.java:599) ~[spring-beans-6.1.2.jar:6.1.2]
	at org.springframework.beans.factory.support.AbstractAutowireCapableBeanFactory.createBean(AbstractAutowireCapableBeanFactory.java:521) ~[spring-beans-6.1.2.jar:6.1.2]
	at org.springframework.beans.factory.support.AbstractBeanFactory.lambda$doGetBean$0(AbstractBeanFactory.java:325) ~[spring-beans-6.1.2.jar:6.1.2]
	at org.springframework.beans.factory.support.DefaultSingletonBeanRegistry.getSingleton(DefaultSingletonBeanRegistry.java:234) ~[spring-beans-6.1.2.jar:6.1.2]
	at org.springframework.beans.factory.support.AbstractBeanFactory.doGetBean(AbstractBeanFactory.java:323) ~[spring-beans-6.1.2.jar:6.1.2]
	at org.springframework.beans.factory.support.AbstractBeanFactory.getBean(AbstractBeanFactory.java:199) ~[spring-beans-6.1.2.jar:6.1.2]
	at org.springframework.context.support.AbstractApplicationContext.getBean(AbstractApplicationContext.java:1232) ~[spring-context-6.1.2.jar:6.1.2]
	at org.springframework.context.support.AbstractApplicationContext.finishBeanFactoryInitialization(AbstractApplicationContext.java:950) ~[spring-context-6.1.2.jar:6.1.2]
	at org.springframework.context.support.AbstractApplicationContext.refresh(AbstractApplicationContext.java:625) ~[spring-context-6.1.2.jar:6.1.2]
	at org.springframework.boot.web.servlet.context.ServletWebServerApplicationContext.refresh(ServletWebServerApplicationContext.java:146) ~[spring-boot-3.2.1.jar:3.2.1]
	at org.springframework.boot.SpringApplication.refresh(SpringApplication.java:762) ~[spring-boot-3.2.1.jar:3.2.1]
	at org.springframework.boot.SpringApplication.refreshContext(SpringApplication.java:464) ~[spring-boot-3.2.1.jar:3.2.1]
	at org.springframework.boot.SpringApplication.run(SpringApplication.java:334) ~[spring-boot-3.2.1.jar:3.2.1]
	at org.springframework.boot.SpringApplication.run(SpringApplication.java:1358) ~[spring-boot-3.2.1.jar:3.2.1]
	at org.springframework.boot.SpringApplication.run(SpringApplication.java:1347) ~[spring-boot-3.2.1.jar:3.2.1]
	at com.api.mom.MomApplication.main(MomApplication.java:10) ~[classes/:na]
Caused by: org.hibernate.AnnotationException: Association 'com.api.mom.model.User.meetings' targets the type 'com.api.mom.model.Meetings' which is not an '@Entity' type
	at org.hibernate.boot.model.internal.CollectionBinder.detectManyToManyProblems(CollectionBinder.java:2586) ~[hibernate-core-6.4.1.Final.jar:6.4.1.Final]
	at org.hibernate.boot.model.internal.CollectionBinder.bindManyToManySecondPass(CollectionBinder.java:2155) ~[hibernate-core-6.4.1.Final.jar:6.4.1.Final]
	at org.hibernate.boot.model.internal.CollectionBinder.bindStarToManySecondPass(CollectionBinder.java:1604) ~[hibernate-core-6.4.1.Final.jar:6.4.1.Final]
	at org.hibernate.boot.model.internal.CollectionBinder$1.secondPass(CollectionBinder.java:1588) ~[hibernate-core-6.4.1.Final.jar:6.4.1.Final]
	at org.hibernate.boot.model.internal.CollectionSecondPass.doSecondPass(CollectionSecondPass.java:45) ~[hibernate-core-6.4.1.Final.jar:6.4.1.Final]
	at org.hibernate.boot.internal.InFlightMetadataCollectorImpl.processSecondPasses(InFlightMetadataCollectorImpl.java:1815) ~[hibernate-core-6.4.1.Final.jar:6.4.1.Final]
	at org.hibernate.boot.internal.InFlightMetadataCollectorImpl.processSecondPasses(InFlightMetadataCollectorImpl.java:1774) ~[hibernate-core-6.4.1.Final.jar:6.4.1.Final]
	at org.hibernate.boot.model.process.spi.MetadataBuildingProcess.complete(MetadataBuildingProcess.java:332) ~[hibernate-core-6.4.1.Final.jar:6.4.1.Final]
	at org.hibernate.jpa.boot.internal.EntityManagerFactoryBuilderImpl.metadata(EntityManagerFactoryBuilderImpl.java:1432) ~[hibernate-core-6.4.1.Final.jar:6.4.1.Final]
	at org.hibernate.jpa.boot.internal.EntityManagerFactoryBuilderImpl.build(EntityManagerFactoryBuilderImpl.java:1503) ~[hibernate-core-6.4.1.Final.jar:6.4.1.Final]
	at org.springframework.orm.jpa.vendor.SpringHibernateJpaPersistenceProvider.createContainerEntityManagerFactory(SpringHibernateJpaPersistenceProvider.java:75) ~[spring-orm-6.1.2.jar:6.1.2]
	at org.springframework.orm.jpa.LocalContainerEntityManagerFactoryBean.createNativeEntityManagerFactory(LocalContainerEntityManagerFactoryBean.java:376) ~[spring-orm-6.1.2.jar:6.1.2]
	at org.springframework.orm.jpa.AbstractEntityManagerFactoryBean.buildNativeEntityManagerFactory(AbstractEntityManagerFactoryBean.java:409) ~[spring-orm-6.1.2.jar:6.1.2]
	at org.springframework.orm.jpa.AbstractEntityManagerFactoryBean.afterPropertiesSet(AbstractEntityManagerFactoryBean.java:396) ~[spring-orm-6.1.2.jar:6.1.2]
	at org.springframework.orm.jpa.LocalContainerEntityManagerFactoryBean.afterPropertiesSet(LocalContainerEntityManagerFactoryBean.java:352) ~[spring-orm-6.1.2.jar:6.1.2]
	at org.springframework.beans.factory.support.AbstractAutowireCapableBeanFactory.invokeInitMethods(AbstractAutowireCapableBeanFactory.java:1820) ~[spring-beans-6.1.2.jar:6.1.2]
	at org.springframework.beans.factory.support.AbstractAutowireCapableBeanFactory.initializeBean(AbstractAutowireCapableBeanFactory.java:1769) ~[spring-beans-6.1.2.jar:6.1.2]
	... 16 common frames omitted

2023-12-26T12:20:11.681+05:30  INFO 27140 --- [main] com.api.mom.MomApplication               : Starting MomApplication using Java 18 with PID 27140 (D:\projects\springboot\mom\target\classes started by Komali Laveti in D:\projects\springboot\mom)
2023-12-26T12:20:11.684+05:30  INFO 27140 --- [main] com.api.mom.MomApplication               : No active profile set, falling back to 1 default profile: "default"
2023-12-26T12:20:12.349+05:30  INFO 27140 --- [main] .s.d.r.c.RepositoryConfigurationDelegate : Bootstrapping Spring Data JPA repositories in DEFAULT mode.
2023-12-26T12:20:12.410+05:30  INFO 27140 --- [main] .s.d.r.c.RepositoryConfigurationDelegate : Finished Spring Data repository scanning in 54 ms. Found 2 JPA repository interfaces.
2023-12-26T12:20:13.063+05:30  INFO 27140 --- [main] o.s.b.w.embedded.tomcat.TomcatWebServer  : Tomcat initialized with port 9090 (http)
2023-12-26T12:20:13.075+05:30  INFO 27140 --- [main] o.apache.catalina.core.StandardService   : Starting service [Tomcat]
2023-12-26T12:20:13.076+05:30  INFO 27140 --- [main] o.apache.catalina.core.StandardEngine    : Starting Servlet engine: [Apache Tomcat/10.1.17]
2023-12-26T12:20:13.142+05:30  INFO 27140 --- [main] o.a.c.c.C.[Tomcat].[localhost].[/]       : Initializing Spring embedded WebApplicationContext
2023-12-26T12:20:13.142+05:30  INFO 27140 --- [main] w.s.c.ServletWebServerApplicationContext : Root WebApplicationContext: initialization completed in 1397 ms
2023-12-26T12:20:13.335+05:30  INFO 27140 --- [main] o.hibernate.jpa.internal.util.LogHelper  : HHH000204: Processing PersistenceUnitInfo [name: default]
2023-12-26T12:20:13.392+05:30  INFO 27140 --- [main] org.hibernate.Version                    : HHH000412: Hibernate ORM core version 6.4.1.Final
2023-12-26T12:20:13.425+05:30  INFO 27140 --- [main] o.h.c.internal.RegionFactoryInitiator    : HHH000026: Second-level cache disabled
2023-12-26T12:20:13.530+05:30  INFO 27140 --- [main] com.zaxxer.hikari.HikariDataSource       : HikariPool-1 - Starting...
2023-12-26T12:20:13.725+05:30  INFO 27140 --- [main] com.zaxxer.hikari.pool.HikariPool        : HikariPool-1 - Added connection org.postgresql.jdbc.PgConnection@1eb85a47
2023-12-26T12:20:13.727+05:30  INFO 27140 --- [main] com.zaxxer.hikari.HikariDataSource       : HikariPool-1 - Start completed.
2023-12-26T12:20:14.012+05:30  INFO 27140 --- [main] o.s.o.j.p.SpringPersistenceUnitInfo      : No LoadTimeWeaver setup: ignoring JPA class transformer
2023-12-26T12:20:14.838+05:30  INFO 27140 --- [main] o.h.e.t.j.p.i.JtaPlatformInitiator       : HHH000489: No JTA platform available (set 'hibernate.transaction.jta.platform' to enable JTA platform integration)
2023-12-26T12:20:14.841+05:30  INFO 27140 --- [main] j.LocalContainerEntityManagerFactoryBean : Initialized JPA EntityManagerFactory for persistence unit 'default'
2023-12-26T12:20:14.898+05:30  WARN 27140 --- [main] JpaBaseConfiguration$JpaWebConfiguration : spring.jpa.open-in-view is enabled by default. Therefore, database queries may be performed during view rendering. Explicitly configure spring.jpa.open-in-view to disable this warning
2023-12-26T12:20:15.470+05:30  WARN 27140 --- [main] .s.s.UserDetailsServiceAutoConfiguration : 

Using generated security password: fc6aa6d4-7e94-4c56-828a-3ef9dc853c87

This generated password is for development use only. Your security configuration must be updated before running your application in production.

2023-12-26T12:20:15.600+05:30  INFO 27140 --- [main] o.s.s.web.DefaultSecurityFilterChain     : Will secure any request with [org.springframework.security.web.session.DisableEncodeUrlFilter@bb1b872, org.springframework.security.web.context.request.async.WebAsyncManagerIntegrationFilter@64245ca9, org.springframework.security.web.context.SecurityContextHolderFilter@3b8a063d, org.springframework.security.web.header.HeaderWriterFilter@530a46f4, org.springframework.web.filter.CorsFilter@66cb9a63, org.springframework.security.web.csrf.CsrfFilter@41092c8, org.springframework.security.web.authentication.logout.LogoutFilter@429dde4d, org.springframework.security.web.authentication.UsernamePasswordAuthenticationFilter@18ab513d, org.springframework.security.web.authentication.ui.DefaultLoginPageGeneratingFilter@2e88ad38, org.springframework.security.web.authentication.ui.DefaultLogoutPageGeneratingFilter@256d8f17, org.springframework.security.web.authentication.www.BasicAuthenticationFilter@73839f22, org.springframework.security.web.savedrequest.RequestCacheAwareFilter@b1f36e5, org.springframework.security.web.servletapi.SecurityContextHolderAwareRequestFilter@52afcdd8, org.springframework.security.web.authentication.AnonymousAuthenticationFilter@2319c1e0, org.springframework.security.web.access.ExceptionTranslationFilter@6d77d269, org.springframework.security.web.access.intercept.AuthorizationFilter@35a2ea5a]
2023-12-26T12:20:15.685+05:30  INFO 27140 --- [main] o.s.b.w.embedded.tomcat.TomcatWebServer  : Tomcat started on port 9090 (http) with context path ''
2023-12-26T12:20:15.702+05:30  INFO 27140 --- [main] com.api.mom.MomApplication               : Started MomApplication in 4.582 seconds (process running for 5.019)
2023-12-26T12:24:31.511+05:30  INFO 27140 --- [SpringApplicationShutdownHook] j.LocalContainerEntityManagerFactoryBean : Closing JPA EntityManagerFactory for persistence unit 'default'
2023-12-26T12:24:31.512+05:30  INFO 27140 --- [SpringApplicationShutdownHook] com.zaxxer.hikari.HikariDataSource       : HikariPool-1 - Shutdown initiated...
2023-12-26T12:24:31.515+05:30  INFO 27140 --- [SpringApplicationShutdownHook] com.zaxxer.hikari.HikariDataSource       : HikariPool-1 - Shutdown completed.
2023-12-26T12:24:34.224+05:30  INFO 8088 --- [main] com.api.mom.MomApplication               : Starting MomApplication using Java 18 with PID 8088 (D:\projects\springboot\mom\target\classes started by Komali Laveti in D:\projects\springboot\mom)
2023-12-26T12:24:34.226+05:30  INFO 8088 --- [main] com.api.mom.MomApplication               : No active profile set, falling back to 1 default profile: "default"
2023-12-26T12:24:34.676+05:30  INFO 8088 --- [main] .s.d.r.c.RepositoryConfigurationDelegate : Bootstrapping Spring Data JPA repositories in DEFAULT mode.
2023-12-26T12:24:34.719+05:30  INFO 8088 --- [main] .s.d.r.c.RepositoryConfigurationDelegate : Finished Spring Data repository scanning in 38 ms. Found 2 JPA repository interfaces.
2023-12-26T12:24:35.162+05:30  INFO 8088 --- [main] o.s.b.w.embedded.tomcat.TomcatWebServer  : Tomcat initialized with port 9090 (http)
2023-12-26T12:24:35.170+05:30  INFO 8088 --- [main] o.apache.catalina.core.StandardService   : Starting service [Tomcat]
2023-12-26T12:24:35.170+05:30  INFO 8088 --- [main] o.apache.catalina.core.StandardEngine    : Starting Servlet engine: [Apache Tomcat/10.1.17]
2023-12-26T12:24:35.215+05:30  INFO 8088 --- [main] o.a.c.c.C.[Tomcat].[localhost].[/]       : Initializing Spring embedded WebApplicationContext
2023-12-26T12:24:35.215+05:30  INFO 8088 --- [main] w.s.c.ServletWebServerApplicationContext : Root WebApplicationContext: initialization completed in 953 ms
2023-12-26T12:24:35.347+05:30  INFO 8088 --- [main] o.hibernate.jpa.internal.util.LogHelper  : HHH000204: Processing PersistenceUnitInfo [name: default]
2023-12-26T12:24:35.397+05:30  INFO 8088 --- [main] org.hibernate.Version                    : HHH000412: Hibernate ORM core version 6.4.1.Final
2023-12-26T12:24:35.429+05:30  INFO 8088 --- [main] o.h.c.internal.RegionFactoryInitiator    : HHH000026: Second-level cache disabled
2023-12-26T12:24:35.495+05:30  INFO 8088 --- [main] com.zaxxer.hikari.HikariDataSource       : HikariPool-1 - Starting...
2023-12-26T12:24:35.624+05:30  INFO 8088 --- [main] com.zaxxer.hikari.pool.HikariPool        : HikariPool-1 - Added connection org.postgresql.jdbc.PgConnection@125f16b2
2023-12-26T12:24:35.626+05:30  INFO 8088 --- [main] com.zaxxer.hikari.HikariDataSource       : HikariPool-1 - Start completed.
2023-12-26T12:24:35.822+05:30  INFO 8088 --- [main] o.s.o.j.p.SpringPersistenceUnitInfo      : No LoadTimeWeaver setup: ignoring JPA class transformer
2023-12-26T12:24:36.396+05:30  INFO 8088 --- [main] o.h.e.t.j.p.i.JtaPlatformInitiator       : HHH000489: No JTA platform available (set 'hibernate.transaction.jta.platform' to enable JTA platform integration)
2023-12-26T12:24:36.398+05:30  INFO 8088 --- [main] j.LocalContainerEntityManagerFactoryBean : Initialized JPA EntityManagerFactory for persistence unit 'default'
2023-12-26T12:24:36.428+05:30  WARN 8088 --- [main] JpaBaseConfiguration$JpaWebConfiguration : spring.jpa.open-in-view is enabled by default. Therefore, database queries may be performed during view rendering. Explicitly configure spring.jpa.open-in-view to disable this warning
2023-12-26T12:24:36.831+05:30  WARN 8088 --- [main] .s.s.UserDetailsServiceAutoConfiguration : 

Using generated security password: ecdd4ecc-5bfe-4e94-9207-81b5a66e3581

This generated password is for development use only. Your security configuration must be updated before running your application in production.

2023-12-26T12:24:36.922+05:30  INFO 8088 --- [main] o.s.s.web.DefaultSecurityFilterChain     : Will secure any request with [org.springframework.security.web.session.DisableEncodeUrlFilter@6a0aa5e2, org.springframework.security.web.context.request.async.WebAsyncManagerIntegrationFilter@630bd5e7, org.springframework.security.web.context.SecurityContextHolderFilter@3fc2a1d1, org.springframework.security.web.header.HeaderWriterFilter@6e349258, org.springframework.web.filter.CorsFilter@2389f546, org.springframework.security.web.csrf.CsrfFilter@7343d843, org.springframework.security.web.authentication.logout.LogoutFilter@474deb4c, org.springframework.security.web.authentication.UsernamePasswordAuthenticationFilter@4afdb05e, org.springframework.security.web.authentication.ui.DefaultLoginPageGeneratingFilter@16269ff4, org.springframework.security.web.authentication.ui.DefaultLogoutPageGeneratingFilter@5b6ec94a, org.springframework.security.web.authentication.www.BasicAuthenticationFilter@22657db1, org.springframework.security.web.savedrequest.RequestCacheAwareFilter@7528089c, org.springframework.security.web.servletapi.SecurityContextHolderAwareRequestFilter@136690b1, org.springframework.security.web.authentication.AnonymousAuthenticationFilter@64745270, org.springframework.security.web.access.ExceptionTranslationFilter@71db6703, org.springframework.security.web.access.intercept.AuthorizationFilter@65fe1f47]
2023-12-26T12:24:36.987+05:30  INFO 8088 --- [main] o.s.b.w.embedded.tomcat.TomcatWebServer  : Tomcat started on port 9090 (http) with context path ''
2023-12-26T12:24:36.999+05:30  INFO 8088 --- [main] com.api.mom.MomApplication               : Started MomApplication in 3.142 seconds (process running for 3.453)
2023-12-26T12:26:05.330+05:30  INFO 8088 --- [SpringApplicationShutdownHook] j.LocalContainerEntityManagerFactoryBean : Closing JPA EntityManagerFactory for persistence unit 'default'
2023-12-26T12:26:05.332+05:30  INFO 8088 --- [SpringApplicationShutdownHook] com.zaxxer.hikari.HikariDataSource       : HikariPool-1 - Shutdown initiated...
2023-12-26T12:26:05.335+05:30  INFO 8088 --- [SpringApplicationShutdownHook] com.zaxxer.hikari.HikariDataSource       : HikariPool-1 - Shutdown completed.
2023-12-26T12:26:08.196+05:30  INFO 12628 --- [main] com.api.mom.MomApplication               : Starting MomApplication using Java 18 with PID 12628 (D:\projects\springboot\mom\target\classes started by Komali Laveti in D:\projects\springboot\mom)
2023-12-26T12:26:08.197+05:30  INFO 12628 --- [main] com.api.mom.MomApplication               : No active profile set, falling back to 1 default profile: "default"
2023-12-26T12:26:08.653+05:30  INFO 12628 --- [main] .s.d.r.c.RepositoryConfigurationDelegate : Bootstrapping Spring Data JPA repositories in DEFAULT mode.
2023-12-26T12:26:08.695+05:30  INFO 12628 --- [main] .s.d.r.c.RepositoryConfigurationDelegate : Finished Spring Data repository scanning in 36 ms. Found 2 JPA repository interfaces.
2023-12-26T12:26:09.136+05:30  INFO 12628 --- [main] o.s.b.w.embedded.tomcat.TomcatWebServer  : Tomcat initialized with port 9090 (http)
2023-12-26T12:26:09.146+05:30  INFO 12628 --- [main] o.apache.catalina.core.StandardService   : Starting service [Tomcat]
2023-12-26T12:26:09.146+05:30  INFO 12628 --- [main] o.apache.catalina.core.StandardEngine    : Starting Servlet engine: [Apache Tomcat/10.1.17]
2023-12-26T12:26:09.190+05:30  INFO 12628 --- [main] o.a.c.c.C.[Tomcat].[localhost].[/]       : Initializing Spring embedded WebApplicationContext
2023-12-26T12:26:09.190+05:30  INFO 12628 --- [main] w.s.c.ServletWebServerApplicationContext : Root WebApplicationContext: initialization completed in 957 ms
2023-12-26T12:26:09.307+05:30  INFO 12628 --- [main] o.hibernate.jpa.internal.util.LogHelper  : HHH000204: Processing PersistenceUnitInfo [name: default]
2023-12-26T12:26:09.340+05:30  INFO 12628 --- [main] org.hibernate.Version                    : HHH000412: Hibernate ORM core version 6.4.1.Final
2023-12-26T12:26:09.361+05:30  INFO 12628 --- [main] o.h.c.internal.RegionFactoryInitiator    : HHH000026: Second-level cache disabled
2023-12-26T12:26:09.427+05:30  INFO 12628 --- [main] com.zaxxer.hikari.HikariDataSource       : HikariPool-1 - Starting...
2023-12-26T12:26:09.548+05:30  INFO 12628 --- [main] com.zaxxer.hikari.pool.HikariPool        : HikariPool-1 - Added connection org.postgresql.jdbc.PgConnection@d25e878
2023-12-26T12:26:09.549+05:30  INFO 12628 --- [main] com.zaxxer.hikari.HikariDataSource       : HikariPool-1 - Start completed.
2023-12-26T12:26:09.740+05:30  INFO 12628 --- [main] o.s.o.j.p.SpringPersistenceUnitInfo      : No LoadTimeWeaver setup: ignoring JPA class transformer
2023-12-26T12:26:10.335+05:30  INFO 12628 --- [main] o.h.e.t.j.p.i.JtaPlatformInitiator       : HHH000489: No JTA platform available (set 'hibernate.transaction.jta.platform' to enable JTA platform integration)
2023-12-26T12:26:10.380+05:30 ERROR 12628 --- [main] j.LocalContainerEntityManagerFactoryBean : Failed to initialize JPA EntityManagerFactory: [PersistenceUnit: default] Unable to build Hibernate SessionFactory; nested exception is org.hibernate.MappingException: Error creating SQL 'create' commands for table 'Meetings' [illegal identity column type]
2023-12-26T12:26:10.380+05:30  WARN 12628 --- [main] ConfigServletWebServerApplicationContext : Exception encountered during context initialization - cancelling refresh attempt: org.springframework.beans.factory.BeanCreationException: Error creating bean with name 'entityManagerFactory' defined in class path resource [org/springframework/boot/autoconfigure/orm/jpa/HibernateJpaConfiguration.class]: [PersistenceUnit: default] Unable to build Hibernate SessionFactory; nested exception is org.hibernate.MappingException: Error creating SQL 'create' commands for table 'Meetings' [illegal identity column type]
2023-12-26T12:26:10.380+05:30  INFO 12628 --- [main] com.zaxxer.hikari.HikariDataSource       : HikariPool-1 - Shutdown initiated...
2023-12-26T12:26:10.384+05:30  INFO 12628 --- [main] com.zaxxer.hikari.HikariDataSource       : HikariPool-1 - Shutdown completed.
2023-12-26T12:26:10.385+05:30  INFO 12628 --- [main] o.apache.catalina.core.StandardService   : Stopping service [Tomcat]
2023-12-26T12:26:10.393+05:30  INFO 12628 --- [main] .s.b.a.l.ConditionEvaluationReportLogger : 

Error starting ApplicationContext. To display the condition evaluation report re-run your application with 'debug' enabled.
2023-12-26T12:26:10.404+05:30 ERROR 12628 --- [main] o.s.boot.SpringApplication               : Application run failed

org.springframework.beans.factory.BeanCreationException: Error creating bean with name 'entityManagerFactory' defined in class path resource [org/springframework/boot/autoconfigure/orm/jpa/HibernateJpaConfiguration.class]: [PersistenceUnit: default] Unable to build Hibernate SessionFactory; nested exception is org.hibernate.MappingException: Error creating SQL 'create' commands for table 'Meetings' [illegal identity column type]
	at org.springframework.beans.factory.support.AbstractAutowireCapableBeanFactory.initializeBean(AbstractAutowireCapableBeanFactory.java:1773) ~[spring-beans-6.1.2.jar:6.1.2]
	at org.springframework.beans.factory.support.AbstractAutowireCapableBeanFactory.doCreateBean(AbstractAutowireCapableBeanFactory.java:599) ~[spring-beans-6.1.2.jar:6.1.2]
	at org.springframework.beans.factory.support.AbstractAutowireCapableBeanFactory.createBean(AbstractAutowireCapableBeanFactory.java:521) ~[spring-beans-6.1.2.jar:6.1.2]
	at org.springframework.beans.factory.support.AbstractBeanFactory.lambda$doGetBean$0(AbstractBeanFactory.java:325) ~[spring-beans-6.1.2.jar:6.1.2]
	at org.springframework.beans.factory.support.DefaultSingletonBeanRegistry.getSingleton(DefaultSingletonBeanRegistry.java:234) ~[spring-beans-6.1.2.jar:6.1.2]
	at org.springframework.beans.factory.support.AbstractBeanFactory.doGetBean(AbstractBeanFactory.java:323) ~[spring-beans-6.1.2.jar:6.1.2]
	at org.springframework.beans.factory.support.AbstractBeanFactory.getBean(AbstractBeanFactory.java:199) ~[spring-beans-6.1.2.jar:6.1.2]
	at org.springframework.context.support.AbstractApplicationContext.getBean(AbstractApplicationContext.java:1232) ~[spring-context-6.1.2.jar:6.1.2]
	at org.springframework.context.support.AbstractApplicationContext.finishBeanFactoryInitialization(AbstractApplicationContext.java:950) ~[spring-context-6.1.2.jar:6.1.2]
	at org.springframework.context.support.AbstractApplicationContext.refresh(AbstractApplicationContext.java:625) ~[spring-context-6.1.2.jar:6.1.2]
	at org.springframework.boot.web.servlet.context.ServletWebServerApplicationContext.refresh(ServletWebServerApplicationContext.java:146) ~[spring-boot-3.2.1.jar:3.2.1]
	at org.springframework.boot.SpringApplication.refresh(SpringApplication.java:762) ~[spring-boot-3.2.1.jar:3.2.1]
	at org.springframework.boot.SpringApplication.refreshContext(SpringApplication.java:464) ~[spring-boot-3.2.1.jar:3.2.1]
	at org.springframework.boot.SpringApplication.run(SpringApplication.java:334) ~[spring-boot-3.2.1.jar:3.2.1]
	at org.springframework.boot.SpringApplication.run(SpringApplication.java:1358) ~[spring-boot-3.2.1.jar:3.2.1]
	at org.springframework.boot.SpringApplication.run(SpringApplication.java:1347) ~[spring-boot-3.2.1.jar:3.2.1]
	at com.api.mom.MomApplication.main(MomApplication.java:10) ~[classes/:na]
Caused by: jakarta.persistence.PersistenceException: [PersistenceUnit: default] Unable to build Hibernate SessionFactory; nested exception is org.hibernate.MappingException: Error creating SQL 'create' commands for table 'Meetings' [illegal identity column type]
	at org.springframework.orm.jpa.AbstractEntityManagerFactoryBean.buildNativeEntityManagerFactory(AbstractEntityManagerFactoryBean.java:421) ~[spring-orm-6.1.2.jar:6.1.2]
	at org.springframework.orm.jpa.AbstractEntityManagerFactoryBean.afterPropertiesSet(AbstractEntityManagerFactoryBean.java:396) ~[spring-orm-6.1.2.jar:6.1.2]
	at org.springframework.orm.jpa.LocalContainerEntityManagerFactoryBean.afterPropertiesSet(LocalContainerEntityManagerFactoryBean.java:352) ~[spring-orm-6.1.2.jar:6.1.2]
	at org.springframework.beans.factory.support.AbstractAutowireCapableBeanFactory.invokeInitMethods(AbstractAutowireCapableBeanFactory.java:1820) ~[spring-beans-6.1.2.jar:6.1.2]
	at org.springframework.beans.factory.support.AbstractAutowireCapableBeanFactory.initializeBean(AbstractAutowireCapableBeanFactory.java:1769) ~[spring-beans-6.1.2.jar:6.1.2]
	... 16 common frames omitted
Caused by: org.hibernate.MappingException: Error creating SQL 'create' commands for table 'Meetings' [illegal identity column type]
	at org.hibernate.tool.schema.internal.StandardTableExporter.getSqlCreateStrings(StandardTableExporter.java:121) ~[hibernate-core-6.4.1.Final.jar:6.4.1.Final]
	at org.hibernate.tool.schema.internal.StandardTableExporter.getSqlCreateStrings(StandardTableExporter.java:41) ~[hibernate-core-6.4.1.Final.jar:6.4.1.Final]
	at org.hibernate.tool.schema.internal.AbstractSchemaMigrator.createTable(AbstractSchemaMigrator.java:317) ~[hibernate-core-6.4.1.Final.jar:6.4.1.Final]
	at org.hibernate.tool.schema.internal.GroupedSchemaMigratorImpl.performTablesMigration(GroupedSchemaMigratorImpl.java:80) ~[hibernate-core-6.4.1.Final.jar:6.4.1.Final]
	at org.hibernate.tool.schema.internal.AbstractSchemaMigrator.performMigration(AbstractSchemaMigrator.java:232) ~[hibernate-core-6.4.1.Final.jar:6.4.1.Final]
	at org.hibernate.tool.schema.internal.AbstractSchemaMigrator.doMigration(AbstractSchemaMigrator.java:117) ~[hibernate-core-6.4.1.Final.jar:6.4.1.Final]
	at org.hibernate.tool.schema.spi.SchemaManagementToolCoordinator.performDatabaseAction(SchemaManagementToolCoordinator.java:286) ~[hibernate-core-6.4.1.Final.jar:6.4.1.Final]
	at org.hibernate.tool.schema.spi.SchemaManagementToolCoordinator.lambda$process$5(SchemaManagementToolCoordinator.java:145) ~[hibernate-core-6.4.1.Final.jar:6.4.1.Final]
	at java.base/java.util.HashMap.forEach(HashMap.java:1421) ~[na:na]
	at org.hibernate.tool.schema.spi.SchemaManagementToolCoordinator.process(SchemaManagementToolCoordinator.java:142) ~[hibernate-core-6.4.1.Final.jar:6.4.1.Final]
	at org.hibernate.boot.internal.SessionFactoryObserverForSchemaExport.sessionFactoryCreated(SessionFactoryObserverForSchemaExport.java:37) ~[hibernate-core-6.4.1.Final.jar:6.4.1.Final]
	at org.hibernate.internal.SessionFactoryObserverChain.sessionFactoryCreated(SessionFactoryObserverChain.java:35) ~[hibernate-core-6.4.1.Final.jar:6.4.1.Final]
	at org.hibernate.internal.SessionFactoryImpl.<init>(SessionFactoryImpl.java:315) ~[hibernate-core-6.4.1.Final.jar:6.4.1.Final]
	at org.hibernate.boot.internal.SessionFactoryBuilderImpl.build(SessionFactoryBuilderImpl.java:450) ~[hibernate-core-6.4.1.Final.jar:6.4.1.Final]
	at org.hibernate.jpa.boot.internal.EntityManagerFactoryBuilderImpl.build(EntityManagerFactoryBuilderImpl.java:1507) ~[hibernate-core-6.4.1.Final.jar:6.4.1.Final]
	at org.springframework.orm.jpa.vendor.SpringHibernateJpaPersistenceProvider.createContainerEntityManagerFactory(SpringHibernateJpaPersistenceProvider.java:75) ~[spring-orm-6.1.2.jar:6.1.2]
	at org.springframework.orm.jpa.LocalContainerEntityManagerFactoryBean.createNativeEntityManagerFactory(LocalContainerEntityManagerFactoryBean.java:376) ~[spring-orm-6.1.2.jar:6.1.2]
	at org.springframework.orm.jpa.AbstractEntityManagerFactoryBean.buildNativeEntityManagerFactory(AbstractEntityManagerFactoryBean.java:409) ~[spring-orm-6.1.2.jar:6.1.2]
	... 20 common frames omitted
Caused by: org.hibernate.MappingException: illegal identity column type
	at org.hibernate.dialect.identity.PostgreSQLIdentityColumnSupport.getIdentityColumnString(PostgreSQLIdentityColumnSupport.java:39) ~[hibernate-core-6.4.1.Final.jar:6.4.1.Final]
	at org.hibernate.tool.schema.internal.ColumnDefinitions.appendColumnDefinition(ColumnDefinitions.java:177) ~[hibernate-core-6.4.1.Final.jar:6.4.1.Final]
	at org.hibernate.tool.schema.internal.ColumnDefinitions.appendColumn(ColumnDefinitions.java:105) ~[hibernate-core-6.4.1.Final.jar:6.4.1.Final]
	at org.hibernate.tool.schema.internal.StandardTableExporter.getSqlCreateStrings(StandardTableExporter.java:84) ~[hibernate-core-6.4.1.Final.jar:6.4.1.Final]
	... 37 common frames omitted

2023-12-26T12:26:55.784+05:30  INFO 19436 --- [main] com.api.mom.MomApplication               : Starting MomApplication using Java 18 with PID 19436 (D:\projects\springboot\mom\target\classes started by Komali Laveti in D:\projects\springboot\mom)
2023-12-26T12:26:55.786+05:30  INFO 19436 --- [main] com.api.mom.MomApplication               : No active profile set, falling back to 1 default profile: "default"
2023-12-26T12:26:56.238+05:30  INFO 19436 --- [main] .s.d.r.c.RepositoryConfigurationDelegate : Bootstrapping Spring Data JPA repositories in DEFAULT mode.
2023-12-26T12:26:56.281+05:30  INFO 19436 --- [main] .s.d.r.c.RepositoryConfigurationDelegate : Finished Spring Data repository scanning in 36 ms. Found 2 JPA repository interfaces.
2023-12-26T12:26:56.726+05:30  INFO 19436 --- [main] o.s.b.w.embedded.tomcat.TomcatWebServer  : Tomcat initialized with port 9090 (http)
2023-12-26T12:26:56.736+05:30  INFO 19436 --- [main] o.apache.catalina.core.StandardService   : Starting service [Tomcat]
2023-12-26T12:26:56.736+05:30  INFO 19436 --- [main] o.apache.catalina.core.StandardEngine    : Starting Servlet engine: [Apache Tomcat/10.1.17]
2023-12-26T12:26:56.782+05:30  INFO 19436 --- [main] o.a.c.c.C.[Tomcat].[localhost].[/]       : Initializing Spring embedded WebApplicationContext
2023-12-26T12:26:56.782+05:30  INFO 19436 --- [main] w.s.c.ServletWebServerApplicationContext : Root WebApplicationContext: initialization completed in 960 ms
2023-12-26T12:26:56.897+05:30  INFO 19436 --- [main] o.hibernate.jpa.internal.util.LogHelper  : HHH000204: Processing PersistenceUnitInfo [name: default]
2023-12-26T12:26:56.933+05:30  INFO 19436 --- [main] org.hibernate.Version                    : HHH000412: Hibernate ORM core version 6.4.1.Final
2023-12-26T12:26:56.961+05:30  INFO 19436 --- [main] o.h.c.internal.RegionFactoryInitiator    : HHH000026: Second-level cache disabled
2023-12-26T12:26:57.032+05:30  INFO 19436 --- [main] com.zaxxer.hikari.HikariDataSource       : HikariPool-1 - Starting...
2023-12-26T12:26:57.155+05:30  INFO 19436 --- [main] com.zaxxer.hikari.pool.HikariPool        : HikariPool-1 - Added connection org.postgresql.jdbc.PgConnection@1eb85a47
2023-12-26T12:26:57.157+05:30  INFO 19436 --- [main] com.zaxxer.hikari.HikariDataSource       : HikariPool-1 - Start completed.
2023-12-26T12:26:57.341+05:30  INFO 19436 --- [main] o.s.o.j.p.SpringPersistenceUnitInfo      : No LoadTimeWeaver setup: ignoring JPA class transformer
2023-12-26T12:26:57.972+05:30  INFO 19436 --- [main] o.h.e.t.j.p.i.JtaPlatformInitiator       : HHH000489: No JTA platform available (set 'hibernate.transaction.jta.platform' to enable JTA platform integration)
2023-12-26T12:26:58.002+05:30 ERROR 19436 --- [main] j.LocalContainerEntityManagerFactoryBean : Failed to initialize JPA EntityManagerFactory: [PersistenceUnit: default] Unable to build Hibernate SessionFactory; nested exception is org.hibernate.MappingException: Error creating SQL 'create' commands for table 'Meetings' [illegal identity column type]
2023-12-26T12:26:58.003+05:30  WARN 19436 --- [main] ConfigServletWebServerApplicationContext : Exception encountered during context initialization - cancelling refresh attempt: org.springframework.beans.factory.BeanCreationException: Error creating bean with name 'entityManagerFactory' defined in class path resource [org/springframework/boot/autoconfigure/orm/jpa/HibernateJpaConfiguration.class]: [PersistenceUnit: default] Unable to build Hibernate SessionFactory; nested exception is org.hibernate.MappingException: Error creating SQL 'create' commands for table 'Meetings' [illegal identity column type]
2023-12-26T12:26:58.003+05:30  INFO 19436 --- [main] com.zaxxer.hikari.HikariDataSource       : HikariPool-1 - Shutdown initiated...
2023-12-26T12:26:58.006+05:30  INFO 19436 --- [main] com.zaxxer.hikari.HikariDataSource       : HikariPool-1 - Shutdown completed.
2023-12-26T12:26:58.008+05:30  INFO 19436 --- [main] o.apache.catalina.core.StandardService   : Stopping service [Tomcat]
2023-12-26T12:26:58.015+05:30  INFO 19436 --- [main] .s.b.a.l.ConditionEvaluationReportLogger : 

Error starting ApplicationContext. To display the condition evaluation report re-run your application with 'debug' enabled.
2023-12-26T12:26:58.029+05:30 ERROR 19436 --- [main] o.s.boot.SpringApplication               : Application run failed

org.springframework.beans.factory.BeanCreationException: Error creating bean with name 'entityManagerFactory' defined in class path resource [org/springframework/boot/autoconfigure/orm/jpa/HibernateJpaConfiguration.class]: [PersistenceUnit: default] Unable to build Hibernate SessionFactory; nested exception is org.hibernate.MappingException: Error creating SQL 'create' commands for table 'Meetings' [illegal identity column type]
	at org.springframework.beans.factory.support.AbstractAutowireCapableBeanFactory.initializeBean(AbstractAutowireCapableBeanFactory.java:1773) ~[spring-beans-6.1.2.jar:6.1.2]
	at org.springframework.beans.factory.support.AbstractAutowireCapableBeanFactory.doCreateBean(AbstractAutowireCapableBeanFactory.java:599) ~[spring-beans-6.1.2.jar:6.1.2]
	at org.springframework.beans.factory.support.AbstractAutowireCapableBeanFactory.createBean(AbstractAutowireCapableBeanFactory.java:521) ~[spring-beans-6.1.2.jar:6.1.2]
	at org.springframework.beans.factory.support.AbstractBeanFactory.lambda$doGetBean$0(AbstractBeanFactory.java:325) ~[spring-beans-6.1.2.jar:6.1.2]
	at org.springframework.beans.factory.support.DefaultSingletonBeanRegistry.getSingleton(DefaultSingletonBeanRegistry.java:234) ~[spring-beans-6.1.2.jar:6.1.2]
	at org.springframework.beans.factory.support.AbstractBeanFactory.doGetBean(AbstractBeanFactory.java:323) ~[spring-beans-6.1.2.jar:6.1.2]
	at org.springframework.beans.factory.support.AbstractBeanFactory.getBean(AbstractBeanFactory.java:199) ~[spring-beans-6.1.2.jar:6.1.2]
	at org.springframework.context.support.AbstractApplicationContext.getBean(AbstractApplicationContext.java:1232) ~[spring-context-6.1.2.jar:6.1.2]
	at org.springframework.context.support.AbstractApplicationContext.finishBeanFactoryInitialization(AbstractApplicationContext.java:950) ~[spring-context-6.1.2.jar:6.1.2]
	at org.springframework.context.support.AbstractApplicationContext.refresh(AbstractApplicationContext.java:625) ~[spring-context-6.1.2.jar:6.1.2]
	at org.springframework.boot.web.servlet.context.ServletWebServerApplicationContext.refresh(ServletWebServerApplicationContext.java:146) ~[spring-boot-3.2.1.jar:3.2.1]
	at org.springframework.boot.SpringApplication.refresh(SpringApplication.java:762) ~[spring-boot-3.2.1.jar:3.2.1]
	at org.springframework.boot.SpringApplication.refreshContext(SpringApplication.java:464) ~[spring-boot-3.2.1.jar:3.2.1]
	at org.springframework.boot.SpringApplication.run(SpringApplication.java:334) ~[spring-boot-3.2.1.jar:3.2.1]
	at org.springframework.boot.SpringApplication.run(SpringApplication.java:1358) ~[spring-boot-3.2.1.jar:3.2.1]
	at org.springframework.boot.SpringApplication.run(SpringApplication.java:1347) ~[spring-boot-3.2.1.jar:3.2.1]
	at com.api.mom.MomApplication.main(MomApplication.java:10) ~[classes/:na]
Caused by: jakarta.persistence.PersistenceException: [PersistenceUnit: default] Unable to build Hibernate SessionFactory; nested exception is org.hibernate.MappingException: Error creating SQL 'create' commands for table 'Meetings' [illegal identity column type]
	at org.springframework.orm.jpa.AbstractEntityManagerFactoryBean.buildNativeEntityManagerFactory(AbstractEntityManagerFactoryBean.java:421) ~[spring-orm-6.1.2.jar:6.1.2]
	at org.springframework.orm.jpa.AbstractEntityManagerFactoryBean.afterPropertiesSet(AbstractEntityManagerFactoryBean.java:396) ~[spring-orm-6.1.2.jar:6.1.2]
	at org.springframework.orm.jpa.LocalContainerEntityManagerFactoryBean.afterPropertiesSet(LocalContainerEntityManagerFactoryBean.java:352) ~[spring-orm-6.1.2.jar:6.1.2]
	at org.springframework.beans.factory.support.AbstractAutowireCapableBeanFactory.invokeInitMethods(AbstractAutowireCapableBeanFactory.java:1820) ~[spring-beans-6.1.2.jar:6.1.2]
	at org.springframework.beans.factory.support.AbstractAutowireCapableBeanFactory.initializeBean(AbstractAutowireCapableBeanFactory.java:1769) ~[spring-beans-6.1.2.jar:6.1.2]
	... 16 common frames omitted
Caused by: org.hibernate.MappingException: Error creating SQL 'create' commands for table 'Meetings' [illegal identity column type]
	at org.hibernate.tool.schema.internal.StandardTableExporter.getSqlCreateStrings(StandardTableExporter.java:121) ~[hibernate-core-6.4.1.Final.jar:6.4.1.Final]
	at org.hibernate.tool.schema.internal.StandardTableExporter.getSqlCreateStrings(StandardTableExporter.java:41) ~[hibernate-core-6.4.1.Final.jar:6.4.1.Final]
	at org.hibernate.tool.schema.internal.AbstractSchemaMigrator.createTable(AbstractSchemaMigrator.java:317) ~[hibernate-core-6.4.1.Final.jar:6.4.1.Final]
	at org.hibernate.tool.schema.internal.GroupedSchemaMigratorImpl.performTablesMigration(GroupedSchemaMigratorImpl.java:80) ~[hibernate-core-6.4.1.Final.jar:6.4.1.Final]
	at org.hibernate.tool.schema.internal.AbstractSchemaMigrator.performMigration(AbstractSchemaMigrator.java:232) ~[hibernate-core-6.4.1.Final.jar:6.4.1.Final]
	at org.hibernate.tool.schema.internal.AbstractSchemaMigrator.doMigration(AbstractSchemaMigrator.java:117) ~[hibernate-core-6.4.1.Final.jar:6.4.1.Final]
	at org.hibernate.tool.schema.spi.SchemaManagementToolCoordinator.performDatabaseAction(SchemaManagementToolCoordinator.java:286) ~[hibernate-core-6.4.1.Final.jar:6.4.1.Final]
	at org.hibernate.tool.schema.spi.SchemaManagementToolCoordinator.lambda$process$5(SchemaManagementToolCoordinator.java:145) ~[hibernate-core-6.4.1.Final.jar:6.4.1.Final]
	at java.base/java.util.HashMap.forEach(HashMap.java:1421) ~[na:na]
	at org.hibernate.tool.schema.spi.SchemaManagementToolCoordinator.process(SchemaManagementToolCoordinator.java:142) ~[hibernate-core-6.4.1.Final.jar:6.4.1.Final]
	at org.hibernate.boot.internal.SessionFactoryObserverForSchemaExport.sessionFactoryCreated(SessionFactoryObserverForSchemaExport.java:37) ~[hibernate-core-6.4.1.Final.jar:6.4.1.Final]
	at org.hibernate.internal.SessionFactoryObserverChain.sessionFactoryCreated(SessionFactoryObserverChain.java:35) ~[hibernate-core-6.4.1.Final.jar:6.4.1.Final]
	at org.hibernate.internal.SessionFactoryImpl.<init>(SessionFactoryImpl.java:315) ~[hibernate-core-6.4.1.Final.jar:6.4.1.Final]
	at org.hibernate.boot.internal.SessionFactoryBuilderImpl.build(SessionFactoryBuilderImpl.java:450) ~[hibernate-core-6.4.1.Final.jar:6.4.1.Final]
	at org.hibernate.jpa.boot.internal.EntityManagerFactoryBuilderImpl.build(EntityManagerFactoryBuilderImpl.java:1507) ~[hibernate-core-6.4.1.Final.jar:6.4.1.Final]
	at org.springframework.orm.jpa.vendor.SpringHibernateJpaPersistenceProvider.createContainerEntityManagerFactory(SpringHibernateJpaPersistenceProvider.java:75) ~[spring-orm-6.1.2.jar:6.1.2]
	at org.springframework.orm.jpa.LocalContainerEntityManagerFactoryBean.createNativeEntityManagerFactory(LocalContainerEntityManagerFactoryBean.java:376) ~[spring-orm-6.1.2.jar:6.1.2]
	at org.springframework.orm.jpa.AbstractEntityManagerFactoryBean.buildNativeEntityManagerFactory(AbstractEntityManagerFactoryBean.java:409) ~[spring-orm-6.1.2.jar:6.1.2]
	... 20 common frames omitted
Caused by: org.hibernate.MappingException: illegal identity column type
	at org.hibernate.dialect.identity.PostgreSQLIdentityColumnSupport.getIdentityColumnString(PostgreSQLIdentityColumnSupport.java:39) ~[hibernate-core-6.4.1.Final.jar:6.4.1.Final]
	at org.hibernate.tool.schema.internal.ColumnDefinitions.appendColumnDefinition(ColumnDefinitions.java:177) ~[hibernate-core-6.4.1.Final.jar:6.4.1.Final]
	at org.hibernate.tool.schema.internal.ColumnDefinitions.appendColumn(ColumnDefinitions.java:105) ~[hibernate-core-6.4.1.Final.jar:6.4.1.Final]
	at org.hibernate.tool.schema.internal.StandardTableExporter.getSqlCreateStrings(StandardTableExporter.java:84) ~[hibernate-core-6.4.1.Final.jar:6.4.1.Final]
	... 37 common frames omitted

2023-12-26T12:29:40.541+05:30  INFO 25252 --- [main] com.api.mom.MomApplication               : Starting MomApplication using Java 18 with PID 25252 (D:\projects\springboot\mom\target\classes started by Komali Laveti in D:\projects\springboot\mom)
2023-12-26T12:29:40.542+05:30  INFO 25252 --- [main] com.api.mom.MomApplication               : No active profile set, falling back to 1 default profile: "default"
2023-12-26T12:29:41.005+05:30  INFO 25252 --- [main] .s.d.r.c.RepositoryConfigurationDelegate : Bootstrapping Spring Data JPA repositories in DEFAULT mode.
2023-12-26T12:29:41.047+05:30  INFO 25252 --- [main] .s.d.r.c.RepositoryConfigurationDelegate : Finished Spring Data repository scanning in 36 ms. Found 2 JPA repository interfaces.
2023-12-26T12:29:41.462+05:30  INFO 25252 --- [main] o.s.b.w.embedded.tomcat.TomcatWebServer  : Tomcat initialized with port 9090 (http)
2023-12-26T12:29:41.470+05:30  INFO 25252 --- [main] o.apache.catalina.core.StandardService   : Starting service [Tomcat]
2023-12-26T12:29:41.470+05:30  INFO 25252 --- [main] o.apache.catalina.core.StandardEngine    : Starting Servlet engine: [Apache Tomcat/10.1.17]
2023-12-26T12:29:41.515+05:30  INFO 25252 --- [main] o.a.c.c.C.[Tomcat].[localhost].[/]       : Initializing Spring embedded WebApplicationContext
2023-12-26T12:29:41.516+05:30  INFO 25252 --- [main] w.s.c.ServletWebServerApplicationContext : Root WebApplicationContext: initialization completed in 933 ms
2023-12-26T12:29:41.637+05:30  INFO 25252 --- [main] o.hibernate.jpa.internal.util.LogHelper  : HHH000204: Processing PersistenceUnitInfo [name: default]
2023-12-26T12:29:41.676+05:30  INFO 25252 --- [main] org.hibernate.Version                    : HHH000412: Hibernate ORM core version 6.4.1.Final
2023-12-26T12:29:41.700+05:30  INFO 25252 --- [main] o.h.c.internal.RegionFactoryInitiator    : HHH000026: Second-level cache disabled
2023-12-26T12:29:41.769+05:30  INFO 25252 --- [main] com.zaxxer.hikari.HikariDataSource       : HikariPool-1 - Starting...
2023-12-26T12:29:41.898+05:30  INFO 25252 --- [main] com.zaxxer.hikari.pool.HikariPool        : HikariPool-1 - Added connection org.postgresql.jdbc.PgConnection@ca7e37f
2023-12-26T12:29:41.899+05:30  INFO 25252 --- [main] com.zaxxer.hikari.HikariDataSource       : HikariPool-1 - Start completed.
2023-12-26T12:29:42.103+05:30  INFO 25252 --- [main] o.s.o.j.p.SpringPersistenceUnitInfo      : No LoadTimeWeaver setup: ignoring JPA class transformer
2023-12-26T12:29:42.685+05:30  INFO 25252 --- [main] o.h.e.t.j.p.i.JtaPlatformInitiator       : HHH000489: No JTA platform available (set 'hibernate.transaction.jta.platform' to enable JTA platform integration)
2023-12-26T12:29:42.717+05:30 ERROR 25252 --- [main] j.LocalContainerEntityManagerFactoryBean : Failed to initialize JPA EntityManagerFactory: [PersistenceUnit: default] Unable to build Hibernate SessionFactory; nested exception is org.hibernate.MappingException: Error creating SQL 'create' commands for table 'Meetings' [illegal identity column type]
2023-12-26T12:29:42.718+05:30  WARN 25252 --- [main] ConfigServletWebServerApplicationContext : Exception encountered during context initialization - cancelling refresh attempt: org.springframework.beans.factory.BeanCreationException: Error creating bean with name 'entityManagerFactory' defined in class path resource [org/springframework/boot/autoconfigure/orm/jpa/HibernateJpaConfiguration.class]: [PersistenceUnit: default] Unable to build Hibernate SessionFactory; nested exception is org.hibernate.MappingException: Error creating SQL 'create' commands for table 'Meetings' [illegal identity column type]
2023-12-26T12:29:42.718+05:30  INFO 25252 --- [main] com.zaxxer.hikari.HikariDataSource       : HikariPool-1 - Shutdown initiated...
2023-12-26T12:29:42.721+05:30  INFO 25252 --- [main] com.zaxxer.hikari.HikariDataSource       : HikariPool-1 - Shutdown completed.
2023-12-26T12:29:42.722+05:30  INFO 25252 --- [main] o.apache.catalina.core.StandardService   : Stopping service [Tomcat]
2023-12-26T12:29:42.730+05:30  INFO 25252 --- [main] .s.b.a.l.ConditionEvaluationReportLogger : 

Error starting ApplicationContext. To display the condition evaluation report re-run your application with 'debug' enabled.
2023-12-26T12:29:42.743+05:30 ERROR 25252 --- [main] o.s.boot.SpringApplication               : Application run failed

org.springframework.beans.factory.BeanCreationException: Error creating bean with name 'entityManagerFactory' defined in class path resource [org/springframework/boot/autoconfigure/orm/jpa/HibernateJpaConfiguration.class]: [PersistenceUnit: default] Unable to build Hibernate SessionFactory; nested exception is org.hibernate.MappingException: Error creating SQL 'create' commands for table 'Meetings' [illegal identity column type]
	at org.springframework.beans.factory.support.AbstractAutowireCapableBeanFactory.initializeBean(AbstractAutowireCapableBeanFactory.java:1773) ~[spring-beans-6.1.2.jar:6.1.2]
	at org.springframework.beans.factory.support.AbstractAutowireCapableBeanFactory.doCreateBean(AbstractAutowireCapableBeanFactory.java:599) ~[spring-beans-6.1.2.jar:6.1.2]
	at org.springframework.beans.factory.support.AbstractAutowireCapableBeanFactory.createBean(AbstractAutowireCapableBeanFactory.java:521) ~[spring-beans-6.1.2.jar:6.1.2]
	at org.springframework.beans.factory.support.AbstractBeanFactory.lambda$doGetBean$0(AbstractBeanFactory.java:325) ~[spring-beans-6.1.2.jar:6.1.2]
	at org.springframework.beans.factory.support.DefaultSingletonBeanRegistry.getSingleton(DefaultSingletonBeanRegistry.java:234) ~[spring-beans-6.1.2.jar:6.1.2]
	at org.springframework.beans.factory.support.AbstractBeanFactory.doGetBean(AbstractBeanFactory.java:323) ~[spring-beans-6.1.2.jar:6.1.2]
	at org.springframework.beans.factory.support.AbstractBeanFactory.getBean(AbstractBeanFactory.java:199) ~[spring-beans-6.1.2.jar:6.1.2]
	at org.springframework.context.support.AbstractApplicationContext.getBean(AbstractApplicationContext.java:1232) ~[spring-context-6.1.2.jar:6.1.2]
	at org.springframework.context.support.AbstractApplicationContext.finishBeanFactoryInitialization(AbstractApplicationContext.java:950) ~[spring-context-6.1.2.jar:6.1.2]
	at org.springframework.context.support.AbstractApplicationContext.refresh(AbstractApplicationContext.java:625) ~[spring-context-6.1.2.jar:6.1.2]
	at org.springframework.boot.web.servlet.context.ServletWebServerApplicationContext.refresh(ServletWebServerApplicationContext.java:146) ~[spring-boot-3.2.1.jar:3.2.1]
	at org.springframework.boot.SpringApplication.refresh(SpringApplication.java:762) ~[spring-boot-3.2.1.jar:3.2.1]
	at org.springframework.boot.SpringApplication.refreshContext(SpringApplication.java:464) ~[spring-boot-3.2.1.jar:3.2.1]
	at org.springframework.boot.SpringApplication.run(SpringApplication.java:334) ~[spring-boot-3.2.1.jar:3.2.1]
	at org.springframework.boot.SpringApplication.run(SpringApplication.java:1358) ~[spring-boot-3.2.1.jar:3.2.1]
	at org.springframework.boot.SpringApplication.run(SpringApplication.java:1347) ~[spring-boot-3.2.1.jar:3.2.1]
	at com.api.mom.MomApplication.main(MomApplication.java:10) ~[classes/:na]
Caused by: jakarta.persistence.PersistenceException: [PersistenceUnit: default] Unable to build Hibernate SessionFactory; nested exception is org.hibernate.MappingException: Error creating SQL 'create' commands for table 'Meetings' [illegal identity column type]
	at org.springframework.orm.jpa.AbstractEntityManagerFactoryBean.buildNativeEntityManagerFactory(AbstractEntityManagerFactoryBean.java:421) ~[spring-orm-6.1.2.jar:6.1.2]
	at org.springframework.orm.jpa.AbstractEntityManagerFactoryBean.afterPropertiesSet(AbstractEntityManagerFactoryBean.java:396) ~[spring-orm-6.1.2.jar:6.1.2]
	at org.springframework.orm.jpa.LocalContainerEntityManagerFactoryBean.afterPropertiesSet(LocalContainerEntityManagerFactoryBean.java:352) ~[spring-orm-6.1.2.jar:6.1.2]
	at org.springframework.beans.factory.support.AbstractAutowireCapableBeanFactory.invokeInitMethods(AbstractAutowireCapableBeanFactory.java:1820) ~[spring-beans-6.1.2.jar:6.1.2]
	at org.springframework.beans.factory.support.AbstractAutowireCapableBeanFactory.initializeBean(AbstractAutowireCapableBeanFactory.java:1769) ~[spring-beans-6.1.2.jar:6.1.2]
	... 16 common frames omitted
Caused by: org.hibernate.MappingException: Error creating SQL 'create' commands for table 'Meetings' [illegal identity column type]
	at org.hibernate.tool.schema.internal.StandardTableExporter.getSqlCreateStrings(StandardTableExporter.java:121) ~[hibernate-core-6.4.1.Final.jar:6.4.1.Final]
	at org.hibernate.tool.schema.internal.StandardTableExporter.getSqlCreateStrings(StandardTableExporter.java:41) ~[hibernate-core-6.4.1.Final.jar:6.4.1.Final]
	at org.hibernate.tool.schema.internal.AbstractSchemaMigrator.createTable(AbstractSchemaMigrator.java:317) ~[hibernate-core-6.4.1.Final.jar:6.4.1.Final]
	at org.hibernate.tool.schema.internal.GroupedSchemaMigratorImpl.performTablesMigration(GroupedSchemaMigratorImpl.java:80) ~[hibernate-core-6.4.1.Final.jar:6.4.1.Final]
	at org.hibernate.tool.schema.internal.AbstractSchemaMigrator.performMigration(AbstractSchemaMigrator.java:232) ~[hibernate-core-6.4.1.Final.jar:6.4.1.Final]
	at org.hibernate.tool.schema.internal.AbstractSchemaMigrator.doMigration(AbstractSchemaMigrator.java:117) ~[hibernate-core-6.4.1.Final.jar:6.4.1.Final]
	at org.hibernate.tool.schema.spi.SchemaManagementToolCoordinator.performDatabaseAction(SchemaManagementToolCoordinator.java:286) ~[hibernate-core-6.4.1.Final.jar:6.4.1.Final]
	at org.hibernate.tool.schema.spi.SchemaManagementToolCoordinator.lambda$process$5(SchemaManagementToolCoordinator.java:145) ~[hibernate-core-6.4.1.Final.jar:6.4.1.Final]
	at java.base/java.util.HashMap.forEach(HashMap.java:1421) ~[na:na]
	at org.hibernate.tool.schema.spi.SchemaManagementToolCoordinator.process(SchemaManagementToolCoordinator.java:142) ~[hibernate-core-6.4.1.Final.jar:6.4.1.Final]
	at org.hibernate.boot.internal.SessionFactoryObserverForSchemaExport.sessionFactoryCreated(SessionFactoryObserverForSchemaExport.java:37) ~[hibernate-core-6.4.1.Final.jar:6.4.1.Final]
	at org.hibernate.internal.SessionFactoryObserverChain.sessionFactoryCreated(SessionFactoryObserverChain.java:35) ~[hibernate-core-6.4.1.Final.jar:6.4.1.Final]
	at org.hibernate.internal.SessionFactoryImpl.<init>(SessionFactoryImpl.java:315) ~[hibernate-core-6.4.1.Final.jar:6.4.1.Final]
	at org.hibernate.boot.internal.SessionFactoryBuilderImpl.build(SessionFactoryBuilderImpl.java:450) ~[hibernate-core-6.4.1.Final.jar:6.4.1.Final]
	at org.hibernate.jpa.boot.internal.EntityManagerFactoryBuilderImpl.build(EntityManagerFactoryBuilderImpl.java:1507) ~[hibernate-core-6.4.1.Final.jar:6.4.1.Final]
	at org.springframework.orm.jpa.vendor.SpringHibernateJpaPersistenceProvider.createContainerEntityManagerFactory(SpringHibernateJpaPersistenceProvider.java:75) ~[spring-orm-6.1.2.jar:6.1.2]
	at org.springframework.orm.jpa.LocalContainerEntityManagerFactoryBean.createNativeEntityManagerFactory(LocalContainerEntityManagerFactoryBean.java:376) ~[spring-orm-6.1.2.jar:6.1.2]
	at org.springframework.orm.jpa.AbstractEntityManagerFactoryBean.buildNativeEntityManagerFactory(AbstractEntityManagerFactoryBean.java:409) ~[spring-orm-6.1.2.jar:6.1.2]
	... 20 common frames omitted
Caused by: org.hibernate.MappingException: illegal identity column type
	at org.hibernate.dialect.identity.PostgreSQLIdentityColumnSupport.getIdentityColumnString(PostgreSQLIdentityColumnSupport.java:39) ~[hibernate-core-6.4.1.Final.jar:6.4.1.Final]
	at org.hibernate.tool.schema.internal.ColumnDefinitions.appendColumnDefinition(ColumnDefinitions.java:177) ~[hibernate-core-6.4.1.Final.jar:6.4.1.Final]
	at org.hibernate.tool.schema.internal.ColumnDefinitions.appendColumn(ColumnDefinitions.java:105) ~[hibernate-core-6.4.1.Final.jar:6.4.1.Final]
	at org.hibernate.tool.schema.internal.StandardTableExporter.getSqlCreateStrings(StandardTableExporter.java:84) ~[hibernate-core-6.4.1.Final.jar:6.4.1.Final]
	... 37 common frames omitted

2023-12-26T12:30:03.654+05:30  INFO 27280 --- [main] com.api.mom.MomApplication               : Starting MomApplication using Java 18 with PID 27280 (D:\projects\springboot\mom\target\classes started by Komali Laveti in D:\projects\springboot\mom)
2023-12-26T12:30:03.655+05:30  INFO 27280 --- [main] com.api.mom.MomApplication               : No active profile set, falling back to 1 default profile: "default"
2023-12-26T12:30:04.127+05:30  INFO 27280 --- [main] .s.d.r.c.RepositoryConfigurationDelegate : Bootstrapping Spring Data JPA repositories in DEFAULT mode.
2023-12-26T12:30:04.170+05:30  INFO 27280 --- [main] .s.d.r.c.RepositoryConfigurationDelegate : Finished Spring Data repository scanning in 36 ms. Found 2 JPA repository interfaces.
2023-12-26T12:30:04.626+05:30  INFO 27280 --- [main] o.s.b.w.embedded.tomcat.TomcatWebServer  : Tomcat initialized with port 9090 (http)
2023-12-26T12:30:04.638+05:30  INFO 27280 --- [main] o.apache.catalina.core.StandardService   : Starting service [Tomcat]
2023-12-26T12:30:04.638+05:30  INFO 27280 --- [main] o.apache.catalina.core.StandardEngine    : Starting Servlet engine: [Apache Tomcat/10.1.17]
2023-12-26T12:30:04.684+05:30  INFO 27280 --- [main] o.a.c.c.C.[Tomcat].[localhost].[/]       : Initializing Spring embedded WebApplicationContext
2023-12-26T12:30:04.684+05:30  INFO 27280 --- [main] w.s.c.ServletWebServerApplicationContext : Root WebApplicationContext: initialization completed in 990 ms
2023-12-26T12:30:04.808+05:30  INFO 27280 --- [main] o.hibernate.jpa.internal.util.LogHelper  : HHH000204: Processing PersistenceUnitInfo [name: default]
2023-12-26T12:30:04.848+05:30  INFO 27280 --- [main] org.hibernate.Version                    : HHH000412: Hibernate ORM core version 6.4.1.Final
2023-12-26T12:30:04.873+05:30  INFO 27280 --- [main] o.h.c.internal.RegionFactoryInitiator    : HHH000026: Second-level cache disabled
2023-12-26T12:30:04.945+05:30  INFO 27280 --- [main] com.zaxxer.hikari.HikariDataSource       : HikariPool-1 - Starting...
2023-12-26T12:30:05.070+05:30  INFO 27280 --- [main] com.zaxxer.hikari.pool.HikariPool        : HikariPool-1 - Added connection org.postgresql.jdbc.PgConnection@ca7e37f
2023-12-26T12:30:05.072+05:30  INFO 27280 --- [main] com.zaxxer.hikari.HikariDataSource       : HikariPool-1 - Start completed.
2023-12-26T12:30:05.265+05:30  INFO 27280 --- [main] o.s.o.j.p.SpringPersistenceUnitInfo      : No LoadTimeWeaver setup: ignoring JPA class transformer
2023-12-26T12:30:05.892+05:30  INFO 27280 --- [main] o.h.e.t.j.p.i.JtaPlatformInitiator       : HHH000489: No JTA platform available (set 'hibernate.transaction.jta.platform' to enable JTA platform integration)
2023-12-26T12:30:05.971+05:30 ERROR 27280 --- [main] j.LocalContainerEntityManagerFactoryBean : Failed to initialize JPA EntityManagerFactory: [PersistenceUnit: default] Unable to build Hibernate SessionFactory; nested exception is org.hibernate.MappingException: Error creating SQL 'create' commands for table 'Meetings' [illegal identity column type]
2023-12-26T12:30:05.972+05:30  WARN 27280 --- [main] ConfigServletWebServerApplicationContext : Exception encountered during context initialization - cancelling refresh attempt: org.springframework.beans.factory.BeanCreationException: Error creating bean with name 'entityManagerFactory' defined in class path resource [org/springframework/boot/autoconfigure/orm/jpa/HibernateJpaConfiguration.class]: [PersistenceUnit: default] Unable to build Hibernate SessionFactory; nested exception is org.hibernate.MappingException: Error creating SQL 'create' commands for table 'Meetings' [illegal identity column type]
2023-12-26T12:30:05.972+05:30  INFO 27280 --- [main] com.zaxxer.hikari.HikariDataSource       : HikariPool-1 - Shutdown initiated...
2023-12-26T12:30:05.976+05:30  INFO 27280 --- [main] com.zaxxer.hikari.HikariDataSource       : HikariPool-1 - Shutdown completed.
2023-12-26T12:30:05.979+05:30  INFO 27280 --- [main] o.apache.catalina.core.StandardService   : Stopping service [Tomcat]
2023-12-26T12:30:05.988+05:30  INFO 27280 --- [main] .s.b.a.l.ConditionEvaluationReportLogger : 

Error starting ApplicationContext. To display the condition evaluation report re-run your application with 'debug' enabled.
2023-12-26T12:30:05.999+05:30 ERROR 27280 --- [main] o.s.boot.SpringApplication               : Application run failed

org.springframework.beans.factory.BeanCreationException: Error creating bean with name 'entityManagerFactory' defined in class path resource [org/springframework/boot/autoconfigure/orm/jpa/HibernateJpaConfiguration.class]: [PersistenceUnit: default] Unable to build Hibernate SessionFactory; nested exception is org.hibernate.MappingException: Error creating SQL 'create' commands for table 'Meetings' [illegal identity column type]
	at org.springframework.beans.factory.support.AbstractAutowireCapableBeanFactory.initializeBean(AbstractAutowireCapableBeanFactory.java:1773) ~[spring-beans-6.1.2.jar:6.1.2]
	at org.springframework.beans.factory.support.AbstractAutowireCapableBeanFactory.doCreateBean(AbstractAutowireCapableBeanFactory.java:599) ~[spring-beans-6.1.2.jar:6.1.2]
	at org.springframework.beans.factory.support.AbstractAutowireCapableBeanFactory.createBean(AbstractAutowireCapableBeanFactory.java:521) ~[spring-beans-6.1.2.jar:6.1.2]
	at org.springframework.beans.factory.support.AbstractBeanFactory.lambda$doGetBean$0(AbstractBeanFactory.java:325) ~[spring-beans-6.1.2.jar:6.1.2]
	at org.springframework.beans.factory.support.DefaultSingletonBeanRegistry.getSingleton(DefaultSingletonBeanRegistry.java:234) ~[spring-beans-6.1.2.jar:6.1.2]
	at org.springframework.beans.factory.support.AbstractBeanFactory.doGetBean(AbstractBeanFactory.java:323) ~[spring-beans-6.1.2.jar:6.1.2]
	at org.springframework.beans.factory.support.AbstractBeanFactory.getBean(AbstractBeanFactory.java:199) ~[spring-beans-6.1.2.jar:6.1.2]
	at org.springframework.context.support.AbstractApplicationContext.getBean(AbstractApplicationContext.java:1232) ~[spring-context-6.1.2.jar:6.1.2]
	at org.springframework.context.support.AbstractApplicationContext.finishBeanFactoryInitialization(AbstractApplicationContext.java:950) ~[spring-context-6.1.2.jar:6.1.2]
	at org.springframework.context.support.AbstractApplicationContext.refresh(AbstractApplicationContext.java:625) ~[spring-context-6.1.2.jar:6.1.2]
	at org.springframework.boot.web.servlet.context.ServletWebServerApplicationContext.refresh(ServletWebServerApplicationContext.java:146) ~[spring-boot-3.2.1.jar:3.2.1]
	at org.springframework.boot.SpringApplication.refresh(SpringApplication.java:762) ~[spring-boot-3.2.1.jar:3.2.1]
	at org.springframework.boot.SpringApplication.refreshContext(SpringApplication.java:464) ~[spring-boot-3.2.1.jar:3.2.1]
	at org.springframework.boot.SpringApplication.run(SpringApplication.java:334) ~[spring-boot-3.2.1.jar:3.2.1]
	at org.springframework.boot.SpringApplication.run(SpringApplication.java:1358) ~[spring-boot-3.2.1.jar:3.2.1]
	at org.springframework.boot.SpringApplication.run(SpringApplication.java:1347) ~[spring-boot-3.2.1.jar:3.2.1]
	at com.api.mom.MomApplication.main(MomApplication.java:10) ~[classes/:na]
Caused by: jakarta.persistence.PersistenceException: [PersistenceUnit: default] Unable to build Hibernate SessionFactory; nested exception is org.hibernate.MappingException: Error creating SQL 'create' commands for table 'Meetings' [illegal identity column type]
	at org.springframework.orm.jpa.AbstractEntityManagerFactoryBean.buildNativeEntityManagerFactory(AbstractEntityManagerFactoryBean.java:421) ~[spring-orm-6.1.2.jar:6.1.2]
	at org.springframework.orm.jpa.AbstractEntityManagerFactoryBean.afterPropertiesSet(AbstractEntityManagerFactoryBean.java:396) ~[spring-orm-6.1.2.jar:6.1.2]
	at org.springframework.orm.jpa.LocalContainerEntityManagerFactoryBean.afterPropertiesSet(LocalContainerEntityManagerFactoryBean.java:352) ~[spring-orm-6.1.2.jar:6.1.2]
	at org.springframework.beans.factory.support.AbstractAutowireCapableBeanFactory.invokeInitMethods(AbstractAutowireCapableBeanFactory.java:1820) ~[spring-beans-6.1.2.jar:6.1.2]
	at org.springframework.beans.factory.support.AbstractAutowireCapableBeanFactory.initializeBean(AbstractAutowireCapableBeanFactory.java:1769) ~[spring-beans-6.1.2.jar:6.1.2]
	... 16 common frames omitted
Caused by: org.hibernate.MappingException: Error creating SQL 'create' commands for table 'Meetings' [illegal identity column type]
	at org.hibernate.tool.schema.internal.StandardTableExporter.getSqlCreateStrings(StandardTableExporter.java:121) ~[hibernate-core-6.4.1.Final.jar:6.4.1.Final]
	at org.hibernate.tool.schema.internal.StandardTableExporter.getSqlCreateStrings(StandardTableExporter.java:41) ~[hibernate-core-6.4.1.Final.jar:6.4.1.Final]
	at org.hibernate.tool.schema.internal.AbstractSchemaMigrator.createTable(AbstractSchemaMigrator.java:317) ~[hibernate-core-6.4.1.Final.jar:6.4.1.Final]
	at org.hibernate.tool.schema.internal.GroupedSchemaMigratorImpl.performTablesMigration(GroupedSchemaMigratorImpl.java:80) ~[hibernate-core-6.4.1.Final.jar:6.4.1.Final]
	at org.hibernate.tool.schema.internal.AbstractSchemaMigrator.performMigration(AbstractSchemaMigrator.java:232) ~[hibernate-core-6.4.1.Final.jar:6.4.1.Final]
	at org.hibernate.tool.schema.internal.AbstractSchemaMigrator.doMigration(AbstractSchemaMigrator.java:117) ~[hibernate-core-6.4.1.Final.jar:6.4.1.Final]
	at org.hibernate.tool.schema.spi.SchemaManagementToolCoordinator.performDatabaseAction(SchemaManagementToolCoordinator.java:286) ~[hibernate-core-6.4.1.Final.jar:6.4.1.Final]
	at org.hibernate.tool.schema.spi.SchemaManagementToolCoordinator.lambda$process$5(SchemaManagementToolCoordinator.java:145) ~[hibernate-core-6.4.1.Final.jar:6.4.1.Final]
	at java.base/java.util.HashMap.forEach(HashMap.java:1421) ~[na:na]
	at org.hibernate.tool.schema.spi.SchemaManagementToolCoordinator.process(SchemaManagementToolCoordinator.java:142) ~[hibernate-core-6.4.1.Final.jar:6.4.1.Final]
	at org.hibernate.boot.internal.SessionFactoryObserverForSchemaExport.sessionFactoryCreated(SessionFactoryObserverForSchemaExport.java:37) ~[hibernate-core-6.4.1.Final.jar:6.4.1.Final]
	at org.hibernate.internal.SessionFactoryObserverChain.sessionFactoryCreated(SessionFactoryObserverChain.java:35) ~[hibernate-core-6.4.1.Final.jar:6.4.1.Final]
	at org.hibernate.internal.SessionFactoryImpl.<init>(SessionFactoryImpl.java:315) ~[hibernate-core-6.4.1.Final.jar:6.4.1.Final]
	at org.hibernate.boot.internal.SessionFactoryBuilderImpl.build(SessionFactoryBuilderImpl.java:450) ~[hibernate-core-6.4.1.Final.jar:6.4.1.Final]
	at org.hibernate.jpa.boot.internal.EntityManagerFactoryBuilderImpl.build(EntityManagerFactoryBuilderImpl.java:1507) ~[hibernate-core-6.4.1.Final.jar:6.4.1.Final]
	at org.springframework.orm.jpa.vendor.SpringHibernateJpaPersistenceProvider.createContainerEntityManagerFactory(SpringHibernateJpaPersistenceProvider.java:75) ~[spring-orm-6.1.2.jar:6.1.2]
	at org.springframework.orm.jpa.LocalContainerEntityManagerFactoryBean.createNativeEntityManagerFactory(LocalContainerEntityManagerFactoryBean.java:376) ~[spring-orm-6.1.2.jar:6.1.2]
	at org.springframework.orm.jpa.AbstractEntityManagerFactoryBean.buildNativeEntityManagerFactory(AbstractEntityManagerFactoryBean.java:409) ~[spring-orm-6.1.2.jar:6.1.2]
	... 20 common frames omitted
Caused by: org.hibernate.MappingException: illegal identity column type
	at org.hibernate.dialect.identity.PostgreSQLIdentityColumnSupport.getIdentityColumnString(PostgreSQLIdentityColumnSupport.java:39) ~[hibernate-core-6.4.1.Final.jar:6.4.1.Final]
	at org.hibernate.tool.schema.internal.ColumnDefinitions.appendColumnDefinition(ColumnDefinitions.java:177) ~[hibernate-core-6.4.1.Final.jar:6.4.1.Final]
	at org.hibernate.tool.schema.internal.ColumnDefinitions.appendColumn(ColumnDefinitions.java:105) ~[hibernate-core-6.4.1.Final.jar:6.4.1.Final]
	at org.hibernate.tool.schema.internal.StandardTableExporter.getSqlCreateStrings(StandardTableExporter.java:84) ~[hibernate-core-6.4.1.Final.jar:6.4.1.Final]
	... 37 common frames omitted

